        -:    0:Source:dominion.c
        -:    0:Graph:dominion.gcno
        -:    0:Data:dominion.gcda
        -:    0:Runs:3
        -:    0:Programs:3
        -:    1:#include "dominion.h"
        -:    2:#include "dominion_helpers.h"
        -:    3:#include "rngs.h"
        -:    4:#include <stdio.h>
        -:    5:#include <math.h>
        -:    6:#include <stdlib.h>
        -:    7:
function compare called 80283 returned 100% blocks executed 100%
    80283:    8:int compare(const void* a, const void* b) {
    80283:    9:  if (*(int*)a > *(int*)b)
branch  0 taken 8% (fallthrough)
branch  1 taken 92%
     6270:   10:    return 1;
    74013:   11:  if (*(int*)a < *(int*)b)
branch  0 taken 28% (fallthrough)
branch  1 taken 72%
    20968:   12:    return -1;
    53045:   13:  return 0;
        -:   14:}
        -:   15:
function newGame called 0 returned 0% blocks executed 0%
    #####:   16:struct gameState* newGame() {
    #####:   17:  struct gameState* g = malloc(sizeof(struct gameState));
    #####:   18:  return g;
        -:   19:}
        -:   20:
function kingdomCards called 0 returned 0% blocks executed 0%
    #####:   21:int* kingdomCards(int k1, int k2, int k3, int k4, int k5, int k6, int k7,
        -:   22:		  int k8, int k9, int k10) {
    #####:   23:  int* k = malloc(10 * sizeof(int));
    #####:   24:  k[0] = k1;
    #####:   25:  k[1] = k2;
    #####:   26:  k[2] = k3;
    #####:   27:  k[3] = k4;
    #####:   28:  k[4] = k5;
    #####:   29:  k[5] = k6;
    #####:   30:  k[6] = k7;
    #####:   31:  k[7] = k8;
    #####:   32:  k[8] = k9;
    #####:   33:  k[9] = k10;
    #####:   34:  return k;
        -:   35:}
        -:   36:
function initializeGame called 1500 returned 100% blocks executed 95%
     1500:   37:int initializeGame(int numPlayers, int kingdomCards[10], int randomSeed,
        -:   38:		   struct gameState *state) {
        -:   39:
        -:   40:  int i;
        -:   41:  int j;
        -:   42:  int it;			
        -:   43:  //set up random number generator
     1500:   44:  SelectStream(1);
call    0 returned 100%
     1500:   45:  PutSeed((long)randomSeed);
call    0 returned 100%
        -:   46:  
        -:   47:  //check number of players
     1500:   48:  if (numPlayers > MAX_PLAYERS || numPlayers < 2)
branch  0 taken 100% (fallthrough)
branch  1 taken 0%
branch  2 taken 0% (fallthrough)
branch  3 taken 100%
        -:   49:    {
    #####:   50:      return -1;
        -:   51:    }
        -:   52:
        -:   53:  //set number of players
     1500:   54:  state->numPlayers = numPlayers;
        -:   55:
        -:   56:  //check selected kingdom cards are different
    16500:   57:  for (i = 0; i < 10; i++)
branch  0 taken 91%
branch  1 taken 9% (fallthrough)
        -:   58:    {
   165000:   59:      for (j = 0; j < 10; j++)
branch  0 taken 91%
branch  1 taken 9% (fallthrough)
        -:   60:        {
   150000:   61:	  if (j != i && kingdomCards[j] == kingdomCards[i])
branch  0 taken 90% (fallthrough)
branch  1 taken 10%
branch  2 taken 0% (fallthrough)
branch  3 taken 100%
        -:   62:	    {
    #####:   63:	      return -1;
        -:   64:	    }
        -:   65:        }
        -:   66:    }
        -:   67:
        -:   68:
        -:   69:  //initialize supply
        -:   70:  ///////////////////////////////
        -:   71:
        -:   72:  //set number of Curse cards
     1500:   73:  if (numPlayers == 2)
branch  0 taken 33% (fallthrough)
branch  1 taken 67%
        -:   74:    {
      499:   75:      state->supplyCount[curse] = 10;
        -:   76:    }
     1001:   77:  else if (numPlayers == 3)
branch  0 taken 49% (fallthrough)
branch  1 taken 51%
        -:   78:    {
      486:   79:      state->supplyCount[curse] = 20;
        -:   80:    }
        -:   81:  else
        -:   82:    {
      515:   83:      state->supplyCount[curse] = 30;
        -:   84:    }
        -:   85:
        -:   86:  //set number of Victory cards
     1500:   87:  if (numPlayers == 2)
branch  0 taken 33% (fallthrough)
branch  1 taken 67%
        -:   88:    {
      499:   89:      state->supplyCount[estate] = 8;
      499:   90:      state->supplyCount[duchy] = 8;
      499:   91:      state->supplyCount[province] = 8;
        -:   92:    }
        -:   93:  else
        -:   94:    {
     1001:   95:      state->supplyCount[estate] = 12;
     1001:   96:      state->supplyCount[duchy] = 12;
     1001:   97:      state->supplyCount[province] = 12;
        -:   98:    }
        -:   99:
        -:  100:  //set number of Treasure cards
     1500:  101:  state->supplyCount[copper] = 60 - (7 * numPlayers);
     1500:  102:  state->supplyCount[silver] = 40;
     1500:  103:  state->supplyCount[gold] = 30;
        -:  104:
        -:  105:  //set number of Kingdom cards
    31500:  106:  for (i = adventurer; i <= treasure_map; i++)       	//loop all cards
branch  0 taken 95%
branch  1 taken 5% (fallthrough)
        -:  107:    {
   247500:  108:      for (j = 0; j < 10; j++)           		//loop chosen cards
branch  0 taken 94%
branch  1 taken 6% (fallthrough)
        -:  109:	{
   232500:  110:	  if (kingdomCards[j] == i)
branch  0 taken 6% (fallthrough)
branch  1 taken 94%
        -:  111:	    {
        -:  112:	      //check if card is a 'Victory' Kingdom card
    15000:  113:	      if (kingdomCards[j] == great_hall || kingdomCards[j] == gardens)
branch  0 taken 90% (fallthrough)
branch  1 taken 10%
branch  2 taken 11% (fallthrough)
branch  3 taken 89%
        -:  114:		{
     6000:  115:		  if (numPlayers == 2){ 
branch  0 taken 33% (fallthrough)
branch  1 taken 67%
      998:  116:		    state->supplyCount[i] = 8; 
        -:  117:		  }
     2002:  118:		  else{ state->supplyCount[i] = 12; }
        -:  119:		}
        -:  120:	      else
        -:  121:		{
    12000:  122:		  state->supplyCount[i] = 10;
        -:  123:		}
    15000:  124:	      break;
        -:  125:	    }
        -:  126:	  else    //card is not in the set choosen for the game
        -:  127:	    {
   217500:  128:	      state->supplyCount[i] = -1;
        -:  129:	    }
        -:  130:	}
        -:  131:
        -:  132:    }
        -:  133:
        -:  134:  ////////////////////////
        -:  135:  //supply intilization complete
        -:  136:
        -:  137:  //set player decks
     6016:  138:  for (i = 0; i < numPlayers; i++)
branch  0 taken 75%
branch  1 taken 25% (fallthrough)
        -:  139:    {
     4516:  140:      state->deckCount[i] = 0;
    18064:  141:      for (j = 0; j < 3; j++)
branch  0 taken 75%
branch  1 taken 25% (fallthrough)
        -:  142:	{
    13548:  143:	  state->deck[i][j] = estate;
    13548:  144:	  state->deckCount[i]++;
        -:  145:	}
    36128:  146:      for (j = 3; j < 10; j++)
branch  0 taken 88%
branch  1 taken 13% (fallthrough)
        -:  147:	{
    31612:  148:	  state->deck[i][j] = copper;
    31612:  149:	  state->deckCount[i]++;		
        -:  150:	}
        -:  151:    }
        -:  152:
        -:  153:  //shuffle player decks
     6016:  154:  for (i = 0; i < numPlayers; i++)
branch  0 taken 75%
branch  1 taken 25% (fallthrough)
        -:  155:    {
     4516:  156:      if ( shuffle(i, state) < 0 )
call    0 returned 100%
branch  1 taken 0% (fallthrough)
branch  2 taken 100%
        -:  157:	{
    #####:  158:	  return -1;
        -:  159:	}
        -:  160:    }
        -:  161:
        -:  162:  //draw player hands
     6016:  163:  for (i = 0; i < numPlayers; i++)
branch  0 taken 75%
branch  1 taken 25% (fallthrough)
        -:  164:    {  
        -:  165:      //initialize hand size to zero
     4516:  166:      state->handCount[i] = 0;
     4516:  167:      state->discardCount[i] = 0;
        -:  168:      //draw 5 cards
        -:  169:      // for (j = 0; j < 5; j++)
        -:  170:      //	{
        -:  171:      //	  drawCard(i, state);
        -:  172:      //	}
        -:  173:    }
        -:  174:  
        -:  175:  //set embargo tokens to 0 for all supply piles
    42000:  176:  for (i = 0; i <= treasure_map; i++)
branch  0 taken 96%
branch  1 taken 4% (fallthrough)
        -:  177:    {
    40500:  178:      state->embargoTokens[i] = 0;
        -:  179:    }
        -:  180:
        -:  181:  //initialize first player's turn
     1500:  182:  state->outpostPlayed = 0;
     1500:  183:  state->phase = 0;
     1500:  184:  state->numActions = 1;
     1500:  185:  state->numBuys = 1;
     1500:  186:  state->playedCardCount = 0;
     1500:  187:  state->whoseTurn = 0;
     1500:  188:  state->handCount[state->whoseTurn] = 0;
        -:  189:  //int it; move to top
        -:  190:
        -:  191:  //Moved draw cards to here, only drawing at the start of a turn
     9000:  192:  for (it = 0; it < 5; it++){
branch  0 taken 83%
branch  1 taken 17% (fallthrough)
     7500:  193:    drawCard(state->whoseTurn, state);
call    0 returned 100%
        -:  194:  }
        -:  195:
     1500:  196:  updateCoins(state->whoseTurn, state, 0);
call    0 returned 100%
        -:  197:
     1500:  198:  return 0;
        -:  199:}
        -:  200:
function shuffle called 4987 returned 100% blocks executed 100%
     4987:  201:int shuffle(int player, struct gameState *state) {
        -:  202: 
        -:  203:
        -:  204:  int newDeck[MAX_DECK];
     4987:  205:  int newDeckPos = 0;
        -:  206:  int card;
        -:  207:  int i;
        -:  208:
     4987:  209:  if (state->deckCount[player] < 1)
branch  0 taken 9% (fallthrough)
branch  1 taken 91%
      463:  210:    return -1;
     4524:  211:  qsort ((void*)(state->deck[player]), state->deckCount[player], sizeof(int), compare); 
call    0 returned 100%
        -:  212:  /* SORT CARDS IN DECK TO ENSURE DETERMINISM! */
        -:  213:
    56067:  214:  while (state->deckCount[player] > 0) {
branch  0 taken 91%
branch  1 taken 9% (fallthrough)
    47019:  215:    card = floor(Random() * state->deckCount[player]);
call    0 returned 100%
    47019:  216:    newDeck[newDeckPos] = state->deck[player][card];
    47019:  217:    newDeckPos++;
   275701:  218:    for (i = card; i < state->deckCount[player]-1; i++) {
branch  0 taken 83%
branch  1 taken 17% (fallthrough)
   228682:  219:      state->deck[player][i] = state->deck[player][i+1];
        -:  220:    }
    47019:  221:    state->deckCount[player]--;
        -:  222:  }
    51543:  223:  for (i = 0; i < newDeckPos; i++) {
branch  0 taken 91%
branch  1 taken 9% (fallthrough)
    47019:  224:    state->deck[player][i] = newDeck[i];
    47019:  225:    state->deckCount[player]++;
        -:  226:  }
        -:  227:
     4524:  228:  return 0;
        -:  229:}
        -:  230:
function playCard called 1500 returned 100% blocks executed 73%
     1500:  231:int playCard(int handPos, int choice1, int choice2, int choice3, struct gameState *state) 
        -:  232:{	
        -:  233:  int card;
     1500:  234:  int coin_bonus = 0; 		//tracks coins gain from actions
        -:  235:
        -:  236:  //check if it is the right phase
     1500:  237:  if (state->phase != 0)
branch  0 taken 0% (fallthrough)
branch  1 taken 100%
        -:  238:    {
    #####:  239:      return -1;
        -:  240:    }
        -:  241:	
        -:  242:  //check if player has enough actions
     1500:  243:  if ( state->numActions < 1 )
branch  0 taken 0% (fallthrough)
branch  1 taken 100%
        -:  244:    {
    #####:  245:      return -1;
        -:  246:    }
        -:  247:	
        -:  248:  //get card played
     1500:  249:  card = handCard(handPos, state);
call    0 returned 100%
        -:  250:	
        -:  251:  //check if selected card is an action
     1500:  252:  if ( card < adventurer || card > treasure_map )
branch  0 taken 100% (fallthrough)
branch  1 taken 0%
branch  2 taken 0% (fallthrough)
branch  3 taken 100%
        -:  253:    {
    #####:  254:      return -1;
        -:  255:    }
        -:  256:	
        -:  257:  //play card
     1500:  258:  if ( cardEffect(card, choice1, choice2, choice3, state, handPos, &coin_bonus) < 0 )
call    0 returned 100%
branch  1 taken 0% (fallthrough)
branch  2 taken 100%
        -:  259:    {
    #####:  260:      return -1;
        -:  261:    }
        -:  262:	
        -:  263:  //reduce number of actions
     1500:  264:  state->numActions--;
        -:  265:
        -:  266:  //update coins (Treasure cards may be added with card draws)
     1500:  267:  updateCoins(state->whoseTurn, state, coin_bonus);
call    0 returned 100%
        -:  268:	
     1500:  269:  return 0;
        -:  270:}
        -:  271:
function buyCard called 0 returned 0% blocks executed 0%
    #####:  272:int buyCard(int supplyPos, struct gameState *state) {
        -:  273:  int who;
        -:  274:  if (DEBUG){
        -:  275:    printf("Entering buyCard...\n");
        -:  276:  }
        -:  277:
        -:  278:  // I don't know what to do about the phase thing.
        -:  279:
    #####:  280:  who = state->whoseTurn;
        -:  281:
    #####:  282:  if (state->numBuys < 1){
branch  0 never executed
branch  1 never executed
        -:  283:    if (DEBUG)
        -:  284:      printf("You do not have any buys left\n");
    #####:  285:    return -1;
    #####:  286:  } else if (supplyCount(supplyPos, state) <1){
call    0 never executed
branch  1 never executed
branch  2 never executed
        -:  287:    if (DEBUG)
        -:  288:      printf("There are not any of that type of card left\n");
    #####:  289:    return -1;
    #####:  290:  } else if (state->coins < getCost(supplyPos)){
call    0 never executed
branch  1 never executed
branch  2 never executed
        -:  291:    if (DEBUG) 
        -:  292:      printf("You do not have enough money to buy that. You have %d coins.\n", state->coins);
    #####:  293:    return -1;
        -:  294:  } else {
    #####:  295:    state->phase=1;
        -:  296:    //state->supplyCount[supplyPos]--;
    #####:  297:    gainCard(supplyPos, state, 0, who); //card goes in discard, this might be wrong.. (2 means goes into hand, 0 goes into discard)
call    0 never executed
        -:  298:  
    #####:  299:    state->coins = (state->coins) - (getCost(supplyPos));
call    0 never executed
    #####:  300:    state->numBuys--;
        -:  301:    if (DEBUG)
        -:  302:      printf("You bought card number %d for %d coins. You now have %d buys and %d coins.\n", supplyPos, getCost(supplyPos), state->numBuys, state->coins);
        -:  303:  }
        -:  304:
        -:  305:  //state->discard[who][state->discardCount[who]] = supplyPos;
        -:  306:  //state->discardCount[who]++;
        -:  307:    
    #####:  308:  return 0;
        -:  309:}
        -:  310:
function numHandCards called 0 returned 0% blocks executed 0%
    #####:  311:int numHandCards(struct gameState *state) {
    #####:  312:  return state->handCount[ whoseTurn(state) ];
call    0 never executed
        -:  313:}
        -:  314:
function handCard called 1500 returned 100% blocks executed 100%
     1500:  315:int handCard(int handPos, struct gameState *state) {
     1500:  316:  int currentPlayer = whoseTurn(state);
call    0 returned 100%
     1500:  317:  return state->hand[currentPlayer][handPos];
        -:  318:}
        -:  319:
function supplyCount called 0 returned 0% blocks executed 0%
    #####:  320:int supplyCount(int card, struct gameState *state) {
    #####:  321:  return state->supplyCount[card];
        -:  322:}
        -:  323:
function fullDeckCount called 0 returned 0% blocks executed 0%
    #####:  324:int fullDeckCount(int player, int card, struct gameState *state) {
        -:  325:  int i;
    #####:  326:  int count = 0;
        -:  327:
    #####:  328:  for (i = 0; i < state->deckCount[player]; i++)
branch  0 never executed
branch  1 never executed
        -:  329:    {
    #####:  330:      if (state->deck[player][i] == card) count++;
branch  0 never executed
branch  1 never executed
        -:  331:    }
        -:  332:
    #####:  333:  for (i = 0; i < state->handCount[player]; i++)
branch  0 never executed
branch  1 never executed
        -:  334:    {
    #####:  335:      if (state->hand[player][i] == card) count++;
branch  0 never executed
branch  1 never executed
        -:  336:    }
        -:  337:
    #####:  338:  for (i = 0; i < state->discardCount[player]; i++)
branch  0 never executed
branch  1 never executed
        -:  339:    {
    #####:  340:      if (state->discard[player][i] == card) count++;
branch  0 never executed
branch  1 never executed
        -:  341:    }
        -:  342:
    #####:  343:  return count;
        -:  344:}
        -:  345:
function whoseTurn called 3000 returned 100% blocks executed 100%
     3000:  346:int whoseTurn(struct gameState *state) {
     3000:  347:  return state->whoseTurn;
        -:  348:}
        -:  349:
function endTurn called 0 returned 0% blocks executed 0%
    #####:  350:int endTurn(struct gameState *state) {
        -:  351:  int k;
        -:  352:  int i;
    #####:  353:  int currentPlayer = whoseTurn(state);
call    0 never executed
        -:  354:  
        -:  355:  //Discard hand
    #####:  356:  for (i = 0; i < state->handCount[currentPlayer]; i++){
branch  0 never executed
branch  1 never executed
    #####:  357:    state->discard[currentPlayer][state->discardCount[currentPlayer]++] = state->hand[currentPlayer][i];//Discard
    #####:  358:    state->hand[currentPlayer][i] = -1;//Set card to -1
        -:  359:  }
    #####:  360:  state->handCount[currentPlayer] = 0;//Reset hand count
        -:  361:    
        -:  362:  //Code for determining the player
    #####:  363:  if (currentPlayer < (state->numPlayers - 1)){ 
branch  0 never executed
branch  1 never executed
    #####:  364:    state->whoseTurn = currentPlayer + 1;//Still safe to increment
        -:  365:  }
        -:  366:  else{
    #####:  367:    state->whoseTurn = 0;//Max player has been reached, loop back around to player 1
        -:  368:  }
        -:  369:
    #####:  370:  state->outpostPlayed = 0;
    #####:  371:  state->phase = 0;
    #####:  372:  state->numActions = 1;
    #####:  373:  state->coins = 0;
    #####:  374:  state->numBuys = 1;
    #####:  375:  state->playedCardCount = 0;
    #####:  376:  state->handCount[state->whoseTurn] = 0;
        -:  377:
        -:  378:  //int k; move to top
        -:  379:  //Next player draws hand
    #####:  380:  for (k = 0; k < 5; k++){
branch  0 never executed
branch  1 never executed
    #####:  381:    drawCard(state->whoseTurn, state);//Draw a card
call    0 never executed
        -:  382:  }
        -:  383:
        -:  384:  //Update money
    #####:  385:  updateCoins(state->whoseTurn, state , 0);
call    0 never executed
        -:  386:
    #####:  387:  return 0;
        -:  388:}
        -:  389:
function isGameOver called 0 returned 0% blocks executed 0%
    #####:  390:int isGameOver(struct gameState *state) {
        -:  391:  int i;
        -:  392:  int j;
        -:  393:	
        -:  394:  //if stack of Province cards is empty, the game ends
    #####:  395:  if (state->supplyCount[province] == 0)
branch  0 never executed
branch  1 never executed
        -:  396:    {
    #####:  397:      return 1;
        -:  398:    }
        -:  399:
        -:  400:  //if three supply pile are at 0, the game ends
    #####:  401:  j = 0;
    #####:  402:  for (i = 0; i < 25; i++)
branch  0 never executed
branch  1 never executed
        -:  403:    {
    #####:  404:      if (state->supplyCount[i] == 0)
branch  0 never executed
branch  1 never executed
        -:  405:	{
    #####:  406:	  j++;
        -:  407:	}
        -:  408:    }
    #####:  409:  if ( j >= 3)
branch  0 never executed
branch  1 never executed
        -:  410:    {
    #####:  411:      return 1;
        -:  412:    }
        -:  413:
    #####:  414:  return 0;
        -:  415:}
        -:  416:
function scoreFor called 0 returned 0% blocks executed 0%
    #####:  417:int scoreFor (int player, struct gameState *state) {
        -:  418:
        -:  419:  int i;
    #####:  420:  int score = 0;
        -:  421:  //score from hand
    #####:  422:  for (i = 0; i < state->handCount[player]; i++)
branch  0 never executed
branch  1 never executed
        -:  423:    {
    #####:  424:      if (state->hand[player][i] == curse) { score = score - 1; };
branch  0 never executed
branch  1 never executed
    #####:  425:      if (state->hand[player][i] == estate) { score = score + 1; };
branch  0 never executed
branch  1 never executed
    #####:  426:      if (state->hand[player][i] == duchy) { score = score + 3; };
branch  0 never executed
branch  1 never executed
    #####:  427:      if (state->hand[player][i] == province) { score = score + 6; };
branch  0 never executed
branch  1 never executed
    #####:  428:      if (state->hand[player][i] == great_hall) { score = score + 1; };
branch  0 never executed
branch  1 never executed
    #####:  429:      if (state->hand[player][i] == gardens) { score = score + ( fullDeckCount(player, 0, state) / 10 ); };
branch  0 never executed
branch  1 never executed
call    2 never executed
        -:  430:    }
        -:  431:
        -:  432:  //score from discard
    #####:  433:  for (i = 0; i < state->discardCount[player]; i++)
branch  0 never executed
branch  1 never executed
        -:  434:    {
    #####:  435:      if (state->discard[player][i] == curse) { score = score - 1; };
branch  0 never executed
branch  1 never executed
    #####:  436:      if (state->discard[player][i] == estate) { score = score + 1; };
branch  0 never executed
branch  1 never executed
    #####:  437:      if (state->discard[player][i] == duchy) { score = score + 3; };
branch  0 never executed
branch  1 never executed
    #####:  438:      if (state->discard[player][i] == province) { score = score + 6; };
branch  0 never executed
branch  1 never executed
    #####:  439:      if (state->discard[player][i] == great_hall) { score = score + 1; };
branch  0 never executed
branch  1 never executed
    #####:  440:      if (state->discard[player][i] == gardens) { score = score + ( fullDeckCount(player, 0, state) / 10 ); };
branch  0 never executed
branch  1 never executed
call    2 never executed
        -:  441:    }
        -:  442:
        -:  443:  //score from deck
    #####:  444:  for (i = 0; i < state->discardCount[player]; i++)
branch  0 never executed
branch  1 never executed
        -:  445:    {
    #####:  446:      if (state->deck[player][i] == curse) { score = score - 1; };
branch  0 never executed
branch  1 never executed
    #####:  447:      if (state->deck[player][i] == estate) { score = score + 1; };
branch  0 never executed
branch  1 never executed
    #####:  448:      if (state->deck[player][i] == duchy) { score = score + 3; };
branch  0 never executed
branch  1 never executed
    #####:  449:      if (state->deck[player][i] == province) { score = score + 6; };
branch  0 never executed
branch  1 never executed
    #####:  450:      if (state->deck[player][i] == great_hall) { score = score + 1; };
branch  0 never executed
branch  1 never executed
    #####:  451:      if (state->deck[player][i] == gardens) { score = score + ( fullDeckCount(player, 0, state) / 10 ); };
branch  0 never executed
branch  1 never executed
call    2 never executed
        -:  452:    }
        -:  453:
    #####:  454:  return score;
        -:  455:}
        -:  456:
function getWinners called 0 returned 0% blocks executed 0%
    #####:  457:int getWinners(int players[MAX_PLAYERS], struct gameState *state) {
        -:  458:  int i;	
        -:  459:  int j;
        -:  460:  int highScore;
        -:  461:  int currentPlayer;
        -:  462:
        -:  463:  //get score for each player
    #####:  464:  for (i = 0; i < MAX_PLAYERS; i++)
branch  0 never executed
branch  1 never executed
        -:  465:    {
        -:  466:      //set unused player scores to -9999
    #####:  467:      if (i >= state->numPlayers)
branch  0 never executed
branch  1 never executed
        -:  468:	{
    #####:  469:	  players[i] = -9999;
        -:  470:	}
        -:  471:      else
        -:  472:	{
    #####:  473:	  players[i] = scoreFor (i, state);
call    0 never executed
        -:  474:	}
        -:  475:    }
        -:  476:
        -:  477:  //find highest score
    #####:  478:  j = 0;
    #####:  479:  for (i = 0; i < MAX_PLAYERS; i++)
branch  0 never executed
branch  1 never executed
        -:  480:    {
    #####:  481:      if (players[i] > players[j])
branch  0 never executed
branch  1 never executed
        -:  482:	{
    #####:  483:	  j = i;
        -:  484:	}
        -:  485:    }
    #####:  486:  highScore = players[j];
        -:  487:
        -:  488:  //add 1 to players who had less turns
    #####:  489:  currentPlayer = whoseTurn(state);
call    0 never executed
    #####:  490:  for (i = 0; i < MAX_PLAYERS; i++)
branch  0 never executed
branch  1 never executed
        -:  491:    {
    #####:  492:      if ( players[i] == highScore && i > currentPlayer )
branch  0 never executed
branch  1 never executed
branch  2 never executed
branch  3 never executed
        -:  493:	{
    #####:  494:	  players[i]++;
        -:  495:	}
        -:  496:    }
        -:  497:
        -:  498:  //find new highest score
    #####:  499:  j = 0;
    #####:  500:  for (i = 0; i < MAX_PLAYERS; i++)
branch  0 never executed
branch  1 never executed
        -:  501:    {
    #####:  502:      if ( players[i] > players[j] )
branch  0 never executed
branch  1 never executed
        -:  503:	{
    #####:  504:	  j = i;
        -:  505:	}
        -:  506:    }
    #####:  507:  highScore = players[j];
        -:  508:
        -:  509:  //set winners in array to 1 and rest to 0
    #####:  510:  for (i = 0; i < MAX_PLAYERS; i++)
branch  0 never executed
branch  1 never executed
        -:  511:    {
    #####:  512:      if ( players[i] == highScore )
branch  0 never executed
branch  1 never executed
        -:  513:	{
    #####:  514:	  players[i] = 1;
        -:  515:	}
        -:  516:      else
        -:  517:	{
    #####:  518:	  players[i] = 0;
        -:  519:	}
        -:  520:    }
        -:  521:
    #####:  522:  return 0;
        -:  523:}
        -:  524:
function drawCard called 131647 returned 100% blocks executed 100%
   131647:  525:int drawCard(int player, struct gameState *state)
        -:  526:{	int count;
        -:  527:  int deckCounter;
   131647:  528:  if (state->deckCount[player] <= 0){//Deck is empty
branch  0 taken 1% (fallthrough)
branch  1 taken 99%
        -:  529:    
        -:  530:    //Step 1 Shuffle the discard pile back into a deck
        -:  531:    int i;
        -:  532:    //Move discard to deck
     2330:  533:    for (i = 0; i < state->discardCount[player];i++){
branch  0 taken 80%
branch  1 taken 20% (fallthrough)
     1859:  534:      state->deck[player][i] = state->discard[player][i];
     1859:  535:      state->discard[player][i] = -1;
        -:  536:    }
        -:  537:
      471:  538:    state->deckCount[player] = state->discardCount[player];
      471:  539:    state->discardCount[player] = 0;//Reset discard
        -:  540:
        -:  541:    //Shufffle the deck
      471:  542:    shuffle(player, state);//Shuffle the deck up and make it so that we can draw
call    0 returned 100%
        -:  543:   
        -:  544:    if (DEBUG){//Debug statements
        -:  545:      printf("Deck count now: %d\n", state->deckCount[player]);
        -:  546:    }
        -:  547:    
      471:  548:    state->discardCount[player] = 0;
        -:  549:
        -:  550:    //Step 2 Draw Card
      471:  551:    count = state->handCount[player];//Get current player's hand count
        -:  552:    
        -:  553:    if (DEBUG){//Debug statements
        -:  554:      printf("Current hand count: %d\n", count);
        -:  555:    }
        -:  556:    
      471:  557:    deckCounter = state->deckCount[player];//Create a holder for the deck count
        -:  558:
      471:  559:    if (deckCounter == 0)
branch  0 taken 98% (fallthrough)
branch  1 taken 2%
      463:  560:      return -1;
        -:  561:
        8:  562:    state->hand[player][count] = state->deck[player][deckCounter - 1];//Add card to hand
        8:  563:    state->deckCount[player]--;
        8:  564:    state->handCount[player]++;//Increment hand count
        -:  565:  }
        -:  566:
        -:  567:  else{
   131176:  568:    int count = state->handCount[player];//Get current hand count for player
        -:  569:    int deckCounter;
        -:  570:    if (DEBUG){//Debug statements
        -:  571:      printf("Current hand count: %d\n", count);
        -:  572:    }
        -:  573:
   131176:  574:    deckCounter = state->deckCount[player];//Create holder for the deck count
   131176:  575:    state->hand[player][count] = state->deck[player][deckCounter - 1];//Add card to the hand
   131176:  576:    state->deckCount[player]--;
   131176:  577:    state->handCount[player]++;//Increment hand count
        -:  578:  }
        -:  579:
   131184:  580:  return 0;
        -:  581:}
        -:  582:
function getCost called 0 returned 0% blocks executed 0%
    #####:  583:int getCost(int cardNumber)
        -:  584:{
    #####:  585:  switch( cardNumber ) 
branch  0 never executed
branch  1 never executed
branch  2 never executed
branch  3 never executed
branch  4 never executed
branch  5 never executed
branch  6 never executed
branch  7 never executed
branch  8 never executed
branch  9 never executed
branch 10 never executed
branch 11 never executed
branch 12 never executed
branch 13 never executed
branch 14 never executed
branch 15 never executed
branch 16 never executed
branch 17 never executed
branch 18 never executed
branch 19 never executed
branch 20 never executed
branch 21 never executed
branch 22 never executed
branch 23 never executed
branch 24 never executed
branch 25 never executed
branch 26 never executed
branch 27 never executed
        -:  586:    {
        -:  587:    case curse:
    #####:  588:      return 0;
        -:  589:    case estate:
    #####:  590:      return 2;
        -:  591:    case duchy:
    #####:  592:      return 5;
        -:  593:    case province:
    #####:  594:      return 8;
        -:  595:    case copper:
    #####:  596:      return 0;
        -:  597:    case silver:
    #####:  598:      return 3;
        -:  599:    case gold:
    #####:  600:      return 6;
        -:  601:    case adventurer:
    #####:  602:      return 6;
        -:  603:    case council_room:
    #####:  604:      return 5;
        -:  605:    case feast:
    #####:  606:      return 4;
        -:  607:    case gardens:
    #####:  608:      return 4;
        -:  609:    case mine:
    #####:  610:      return 5;
        -:  611:    case remodel:
    #####:  612:      return 4;
        -:  613:    case smithy:
    #####:  614:      return 4;
        -:  615:    case village:
    #####:  616:      return 3;
        -:  617:    case baron:
    #####:  618:      return 4;
        -:  619:    case great_hall:
    #####:  620:      return 3;
        -:  621:    case minion:
    #####:  622:      return 5;
        -:  623:    case steward:
    #####:  624:      return 3;
        -:  625:    case tribute:
    #####:  626:      return 5;
        -:  627:    case ambassador:
    #####:  628:      return 3;
        -:  629:    case cutpurse:
    #####:  630:      return 4;
        -:  631:    case embargo: 
    #####:  632:      return 2;
        -:  633:    case outpost:
    #####:  634:      return 5;
        -:  635:    case salvager:
    #####:  636:      return 4;
        -:  637:    case sea_hag:
    #####:  638:      return 4;
        -:  639:    case treasure_map:
    #####:  640:      return 4;
        -:  641:    }
        -:  642:	
    #####:  643:  return -1;
        -:  644:}
        -:  645:
        -:  646:
function playAdventurer called 500 returned 100% blocks executed 100%
      500:  647:int playAdventurer(struct gameState *state, int currentPlayer, int temphand[MAX_HAND]) {
      500:  648:	int drawntreasure = 0;
      500:  649:	int z = 0;
        -:  650:	int cardDrawn;
   120161:  651:    while(drawntreasure<2){
branch  0 taken 99%
branch  1 taken 1% (fallthrough)
   119161:  652:		drawCard(currentPlayer, state);
call    0 returned 100%
   119161:  653:		cardDrawn = state->hand[currentPlayer][state->handCount[currentPlayer]-1];//top card of hand is most recently drawn card.
   119161:  654:		if (cardDrawn == copper || cardDrawn == silver || cardDrawn == gold)
branch  0 taken 99% (fallthrough)
branch  1 taken 1%
branch  2 taken 99% (fallthrough)
branch  3 taken 1%
branch  4 taken 1% (fallthrough)
branch  5 taken 99%
     1000:  655:			  drawntreasure++;
        -:  656:		else{
   118161:  657:	  		temphand[z]=cardDrawn;
   118161:  658:	  		state->handCount[currentPlayer]--; //this should just remove the top card (the most recently drawn one).
   118161:  659:			z++;
        -:  660:		}
        -:  661:      }
   119161:  662:   	while(z-1>=0){
branch  0 taken 99%
branch  1 taken 1% (fallthrough)
   118161:  663:		state->discard[currentPlayer][state->discardCount[currentPlayer]++]=temphand[z-1]; // discard all cards in play that have been drawn
   118161:  664:		z=z-1;
        -:  665:    }
      500:  666:      return 0;
        -:  667:}
        -:  668:
function playCouncilRoom called 500 returned 100% blocks executed 100%
      500:  669:int playCouncilRoom(struct gameState *state, int currentPlayer, int handPos) {
        -:  670:	int i;
        -:  671:	//+4 Cards
     2500:  672:    for (i = 0; i < 4; i++)
branch  0 taken 80%
branch  1 taken 20% (fallthrough)
        -:  673:	{
     2000:  674:	  drawCard(currentPlayer, state);
call    0 returned 100%
        -:  675:	}
        -:  676:			
        -:  677:    //+1 Buy
      500:  678:    state->numBuys++;
        -:  679:			
        -:  680:    //Each other player draws a card
     2486:  681:    for (i = 0; i <= state->numPlayers; i++)
branch  0 taken 80%
branch  1 taken 20% (fallthrough)
        -:  682:	{
     1986:  683:	  if ( i != currentPlayer )
branch  0 taken 75% (fallthrough)
branch  1 taken 25%
        -:  684:	    {
     1486:  685:	      drawCard(i, state);
call    0 returned 100%
        -:  686:	    }
        -:  687:	}
        -:  688:			
        -:  689:    //put played card in played card pile
      500:  690:    discardCard(handPos, currentPlayer, state, 0);		
call    0 returned 100%
      500:  691:      return 0;
        -:  692:}
        -:  693:
function playGreatHall called 0 returned 0% blocks executed 0%
    #####:  694:int playGreatHall(struct gameState *state, int currentPlayer, int handPos) {
        -:  695:	//+1 Card
    #####:  696:    drawCard(currentPlayer, state);
call    0 never executed
        -:  697:			
        -:  698:    //+1 Actions
    #####:  699:    state->numActions++;
        -:  700:			
        -:  701:    //discard card from hand
    #####:  702:    discardCard(handPos, currentPlayer, state, 0);
call    0 never executed
    #####:  703:	return 0;
        -:  704:}
        -:  705:
function playSalvager called 0 returned 0% blocks executed 0%
    #####:  706:int playSalvager(struct gameState *state, int choice1, int handPos, int currentPlayer) {
        -:  707: 	 //+1 buy
    #####:  708:     state->numBuys++;
        -:  709:			
    #####:  710:    if (choice1)
branch  0 never executed
branch  1 never executed
        -:  711:	{
        -:  712:	  //gain coins equal to trashed card
    #####:  713:	  state->coins = state->coins + getCost( handCard(choice1, state) );
call    0 never executed
call    1 never executed
        -:  714:	}
        -:  715:			
        -:  716:    //discard card
    #####:  717:    discardCard(handPos, currentPlayer, state, 0);
call    0 never executed
    #####:  718:    return 0;
        -:  719:}
        -:  720:
function playSmithy called 500 returned 100% blocks executed 100%
      500:  721:int playSmithy(struct gameState *state, int handPos, int currentPlayer) {
        -:  722:	int i;
        -:  723:	//+3 Cards
     2000:  724:      for (i = 0; i < 3; i++)
branch  0 taken 75%
branch  1 taken 25% (fallthrough)
        -:  725:	{
     1500:  726:	  drawCard(currentPlayer, state);
call    0 returned 100%
        -:  727:	}
        -:  728:			
      500:  729:      return 0;
        -:  730:}
        -:  731:
        -:  732:
function cardEffect called 1500 returned 100% blocks executed 4%
     1500:  733:int cardEffect(int card, int choice1, int choice2, int choice3, struct gameState *state, int handPos, int *bonus)
        -:  734:{
        -:  735:  int i;
        -:  736:  int j;
        -:  737:  int k;
        -:  738:  int x;
        -:  739:  int index;
     1500:  740:  int currentPlayer = whoseTurn(state);
call    0 returned 100%
     1500:  741:  int nextPlayer = currentPlayer + 1;
        -:  742:
     1500:  743:  int tributeRevealedCards[2] = {-1, -1};
        -:  744:  int temphand[MAX_HAND];// moved above the if statement
     1500:  745:  int drawntreasure=0;
        -:  746:  int cardDrawn;
     1500:  747:  int z = 0;// this is the counter for the temp hand
     1500:  748:  if (nextPlayer > (state->numPlayers - 1)){
branch  0 taken 38% (fallthrough)
branch  1 taken 62%
      565:  749:    nextPlayer = 0;
        -:  750:  }
        -:  751:  
        -:  752:	
        -:  753:  //uses switch to select card and perform actions
     1500:  754:  switch( card ) 
branch  0 taken 33%
branch  1 taken 33%
branch  2 taken 0%
branch  3 taken 0%
branch  4 taken 0%
branch  5 taken 0%
branch  6 taken 33%
branch  7 taken 0%
branch  8 taken 0%
branch  9 taken 0%
branch 10 taken 0%
branch 11 taken 0%
branch 12 taken 0%
branch 13 taken 0%
branch 14 taken 0%
branch 15 taken 0%
branch 16 taken 0%
branch 17 taken 0%
branch 18 taken 0%
branch 19 taken 0%
branch 20 taken 0%
        -:  755:    {
        -:  756:    case adventurer:
      500:  757:  		return playAdventurer(state, currentPlayer, temphand);
call    0 returned 100%
        -:  758:			
        -:  759:    case council_room:
      500:  760:     	return playCouncilRoom(state, currentPlayer, handPos);
call    0 returned 100%
        -:  761:			
        -:  762:    case feast:
        -:  763:      //gain card with cost up to 5
        -:  764:      //Backup hand
    #####:  765:      for (i = 0; i <= state->handCount[currentPlayer]; i++){
branch  0 never executed
branch  1 never executed
    #####:  766:	temphand[i] = state->hand[currentPlayer][i];//Backup card
    #####:  767:	state->hand[currentPlayer][i] = -1;//Set to nothing
        -:  768:      }
        -:  769:      //Backup hand
        -:  770:
        -:  771:      //Update Coins for Buy
    #####:  772:      updateCoins(currentPlayer, state, 5);
call    0 never executed
    #####:  773:      x = 1;//Condition to loop on
    #####:  774:      while( x == 1) {//Buy one card
branch  0 never executed
branch  1 never executed
    #####:  775:	if (supplyCount(choice1, state) <= 0){
call    0 never executed
branch  1 never executed
branch  2 never executed
        -:  776:	  if (DEBUG)
        -:  777:	    printf("None of that card left, sorry!\n");
        -:  778:
        -:  779:	  if (DEBUG){
        -:  780:	    printf("Cards Left: %d\n", supplyCount(choice1, state));
        -:  781:	  }
        -:  782:	}
    #####:  783:	else if (state->coins < getCost(choice1)){
call    0 never executed
branch  1 never executed
branch  2 never executed
    #####:  784:	  printf("That card is too expensive!\n");
call    0 never executed
        -:  785:
        -:  786:	  if (DEBUG){
        -:  787:	    printf("Coins: %d < %d\n", state->coins, getCost(choice1));
        -:  788:	  }
        -:  789:	}
        -:  790:	else{
        -:  791:
        -:  792:	  if (DEBUG){
        -:  793:	    printf("Deck Count: %d\n", state->handCount[currentPlayer] + state->deckCount[currentPlayer] + state->discardCount[currentPlayer]);
        -:  794:	  }
        -:  795:
    #####:  796:	  gainCard(choice1, state, 0, currentPlayer);//Gain the card
call    0 never executed
    #####:  797:	  x = 0;//No more buying cards
        -:  798:
        -:  799:	  if (DEBUG){
        -:  800:	    printf("Deck Count: %d\n", state->handCount[currentPlayer] + state->deckCount[currentPlayer] + state->discardCount[currentPlayer]);
        -:  801:	  }
        -:  802:
        -:  803:	}
        -:  804:      }     
        -:  805:
        -:  806:      //Reset Hand
    #####:  807:      for (i = 0; i <= state->handCount[currentPlayer]; i++){
branch  0 never executed
branch  1 never executed
    #####:  808:	state->hand[currentPlayer][i] = temphand[i];
    #####:  809:	temphand[i] = -1;
        -:  810:      }
        -:  811:      //Reset Hand
        -:  812:      			
    #####:  813:      return 0;
        -:  814:			
        -:  815:    case gardens:
    #####:  816:      return -1;
        -:  817:			
        -:  818:    case mine:
    #####:  819:      j = state->hand[currentPlayer][choice1];  //store card we will trash
        -:  820:
    #####:  821:      if (state->hand[currentPlayer][choice1] < copper || state->hand[currentPlayer][choice1] > gold)
branch  0 never executed
branch  1 never executed
branch  2 never executed
branch  3 never executed
        -:  822:	{
    #####:  823:	  return -1;
        -:  824:	}
        -:  825:		
    #####:  826:      if (choice2 > treasure_map || choice2 < curse)
branch  0 never executed
branch  1 never executed
branch  2 never executed
branch  3 never executed
        -:  827:	{
    #####:  828:	  return -1;
        -:  829:	}
        -:  830:
    #####:  831:      if ( (getCost(state->hand[currentPlayer][choice1]) + 3) > getCost(choice2) )
call    0 never executed
call    1 never executed
branch  2 never executed
branch  3 never executed
        -:  832:	{
    #####:  833:	  return -1;
        -:  834:	}
        -:  835:
    #####:  836:      gainCard(choice2, state, 2, currentPlayer);
call    0 never executed
        -:  837:
        -:  838:      //discard card from hand
    #####:  839:      discardCard(handPos, currentPlayer, state, 0);
call    0 never executed
        -:  840:
        -:  841:      //discard trashed card
    #####:  842:      for (i = 0; i < state->handCount[currentPlayer]; i++)
branch  0 never executed
branch  1 never executed
        -:  843:	{
    #####:  844:	  if (state->hand[currentPlayer][i] == j)
branch  0 never executed
branch  1 never executed
        -:  845:	    {
    #####:  846:	      discardCard(i, currentPlayer, state, 0);			
call    0 never executed
    #####:  847:	      break;
        -:  848:	    }
        -:  849:	}
        -:  850:			
    #####:  851:      return 0;
        -:  852:			
        -:  853:    case remodel:
    #####:  854:      j = state->hand[currentPlayer][choice1];  //store card we will trash
        -:  855:
    #####:  856:      if ( (getCost(state->hand[currentPlayer][choice1]) + 2) > getCost(choice2) )
call    0 never executed
call    1 never executed
branch  2 never executed
branch  3 never executed
        -:  857:	{
    #####:  858:	  return -1;
        -:  859:	}
        -:  860:
    #####:  861:      gainCard(choice2, state, 0, currentPlayer);
call    0 never executed
        -:  862:
        -:  863:      //discard card from hand
    #####:  864:      discardCard(handPos, currentPlayer, state, 0);
call    0 never executed
        -:  865:
        -:  866:      //discard trashed card
    #####:  867:      for (i = 0; i < state->handCount[currentPlayer]; i++)
branch  0 never executed
branch  1 never executed
        -:  868:	{
    #####:  869:	  if (state->hand[currentPlayer][i] == j)
branch  0 never executed
branch  1 never executed
        -:  870:	    {
    #####:  871:	      discardCard(i, currentPlayer, state, 0);			
call    0 never executed
    #####:  872:	      break;
        -:  873:	    }
        -:  874:	}
        -:  875:
        -:  876:
    #####:  877:      return 0;
        -:  878:		
        -:  879:    case smithy:
      500:  880:      return playSmithy(state, handPos, currentPlayer);
call    0 returned 100%
        -:  881:
        -:  882:    case village:
        -:  883:      //+1 Card
    #####:  884:      drawCard(currentPlayer, state);
call    0 never executed
        -:  885:			
        -:  886:      //+2 Actions
    #####:  887:      state->numActions = state->numActions + 2;
        -:  888:			
        -:  889:      //discard played card from hand
    #####:  890:      discardCard(handPos, currentPlayer, state, 0);
call    0 never executed
    #####:  891:      return 0;
        -:  892:		
        -:  893:    case baron:
    #####:  894:      state->numBuys++;//Increase buys by 1!
    #####:  895:      if (choice1 > 0){//Boolean true or going to discard an estate
branch  0 never executed
branch  1 never executed
    #####:  896:	int p = 0;//Iterator for hand!
    #####:  897:	int card_not_discarded = 1;//Flag for discard set!
    #####:  898:	while(card_not_discarded){
branch  0 never executed
branch  1 never executed
    #####:  899:	  if (state->hand[currentPlayer][p] == estate){//Found an estate card!
branch  0 never executed
branch  1 never executed
    #####:  900:	    state->coins += 4;//Add 4 coins to the amount of coins
    #####:  901:	    state->discard[currentPlayer][state->discardCount[currentPlayer]] = state->hand[currentPlayer][p];
    #####:  902:	    state->discardCount[currentPlayer]++;
    #####:  903:	    for (;p < state->handCount[currentPlayer]; p++){
branch  0 never executed
branch  1 never executed
    #####:  904:	      state->hand[currentPlayer][p] = state->hand[currentPlayer][p+1];
        -:  905:	    }
    #####:  906:	    state->hand[currentPlayer][state->handCount[currentPlayer]] = -1;
    #####:  907:	    state->handCount[currentPlayer]--;
    #####:  908:	    card_not_discarded = 0;//Exit the loop
        -:  909:	  }
    #####:  910:	  else if (p > state->handCount[currentPlayer]){
branch  0 never executed
branch  1 never executed
        -:  911:	    if(DEBUG) {
        -:  912:	      printf("No estate cards in your hand, invalid choice\n");
        -:  913:	      printf("Must gain an estate if there are any\n");
        -:  914:	    }
    #####:  915:	    if (supplyCount(estate, state) > 0){
call    0 never executed
branch  1 never executed
branch  2 never executed
    #####:  916:	      gainCard(estate, state, 0, currentPlayer);
call    0 never executed
    #####:  917:	      state->supplyCount[estate]--;//Decrement estates
    #####:  918:	      if (supplyCount(estate, state) == 0){
call    0 never executed
branch  1 never executed
branch  2 never executed
    #####:  919:		isGameOver(state);
call    0 never executed
        -:  920:	      }
        -:  921:	    }
    #####:  922:	    card_not_discarded = 0;//Exit the loop
        -:  923:	  }
        -:  924:			    
        -:  925:	  else{
    #####:  926:	    p++;//Next card
        -:  927:	  }
        -:  928:	}
        -:  929:      }
        -:  930:			    
        -:  931:      else{
    #####:  932:	if (supplyCount(estate, state) > 0){
call    0 never executed
branch  1 never executed
branch  2 never executed
    #####:  933:	  gainCard(estate, state, 0, currentPlayer);//Gain an estate
call    0 never executed
    #####:  934:	  state->supplyCount[estate]--;//Decrement Estates
    #####:  935:	  if (supplyCount(estate, state) == 0){
call    0 never executed
branch  1 never executed
branch  2 never executed
    #####:  936:	    isGameOver(state);
call    0 never executed
        -:  937:	  }
        -:  938:	}
        -:  939:      }
        -:  940:	    
        -:  941:      
    #####:  942:      return 0;
        -:  943:		
        -:  944:    case great_hall:
    #####:  945:		return playGreatHall(state, currentPlayer, handPos);
call    0 never executed
        -:  946:
        -:  947:    case minion:
        -:  948:      //+1 action
    #####:  949:      state->numActions++;
        -:  950:			
        -:  951:      //discard card from hand
    #####:  952:      discardCard(handPos, currentPlayer, state, 0);
call    0 never executed
        -:  953:			
    #####:  954:      if (choice1)		//+2 coins
branch  0 never executed
branch  1 never executed
        -:  955:	{
    #####:  956:	  state->coins = state->coins + 2;
        -:  957:	}
        -:  958:			
    #####:  959:      else if (choice2)		//discard hand, redraw 4, other players with 5+ cards discard hand and draw 4
branch  0 never executed
branch  1 never executed
        -:  960:	{
        -:  961:	  //discard hand
    #####:  962:	  while(numHandCards(state) > 0)
call    0 never executed
branch  1 never executed
branch  2 never executed
        -:  963:	    {
    #####:  964:	      discardCard(handPos, currentPlayer, state, 0);
call    0 never executed
        -:  965:	    }
        -:  966:				
        -:  967:	  //draw 4
    #####:  968:	  for (i = 0; i < 4; i++)
branch  0 never executed
branch  1 never executed
        -:  969:	    {
    #####:  970:	      drawCard(currentPlayer, state);
call    0 never executed
        -:  971:	    }
        -:  972:				
        -:  973:	  //other players discard hand and redraw if hand size > 4
    #####:  974:	  for (i = 0; i < state->numPlayers; i++)
branch  0 never executed
branch  1 never executed
        -:  975:	    {
    #####:  976:	      if (i != currentPlayer)
branch  0 never executed
branch  1 never executed
        -:  977:		{
    #####:  978:		  if ( state->handCount[i] > 4 )
branch  0 never executed
branch  1 never executed
        -:  979:		    {
        -:  980:		      //discard hand
    #####:  981:		      while( state->handCount[i] > 0 )
branch  0 never executed
branch  1 never executed
        -:  982:			{
    #####:  983:			  discardCard(handPos, i, state, 0);
call    0 never executed
        -:  984:			}
        -:  985:							
        -:  986:		      //draw 4
    #####:  987:		      for (j = 0; j < 4; j++)
branch  0 never executed
branch  1 never executed
        -:  988:			{
    #####:  989:			  drawCard(i, state);
call    0 never executed
        -:  990:			}
        -:  991:		    }
        -:  992:		}
        -:  993:	    }
        -:  994:				
        -:  995:	}
    #####:  996:      return 0;
        -:  997:		
        -:  998:    case steward:
    #####:  999:      if (choice1 == 1)
branch  0 never executed
branch  1 never executed
        -: 1000:	{
        -: 1001:	  //+2 cards
    #####: 1002:	  drawCard(currentPlayer, state);
call    0 never executed
    #####: 1003:	  drawCard(currentPlayer, state);
call    0 never executed
        -: 1004:	}
    #####: 1005:      else if (choice1 == 2)
branch  0 never executed
branch  1 never executed
        -: 1006:	{
        -: 1007:	  //+2 coins
    #####: 1008:	  state->coins = state->coins + 2;
        -: 1009:	}
        -: 1010:      else
        -: 1011:	{
        -: 1012:	  //trash 2 cards in hand
    #####: 1013:	  discardCard(choice2, currentPlayer, state, 1);
call    0 never executed
    #####: 1014:	  discardCard(choice3, currentPlayer, state, 1);
call    0 never executed
        -: 1015:	}
        -: 1016:			
        -: 1017:      //discard card from hand
    #####: 1018:      discardCard(handPos, currentPlayer, state, 0);
call    0 never executed
    #####: 1019:      return 0;
        -: 1020:		
        -: 1021:    case tribute:
    #####: 1022:      if ((state->discardCount[nextPlayer] + state->deckCount[nextPlayer]) <= 1){
branch  0 never executed
branch  1 never executed
    #####: 1023:	if (state->deckCount[nextPlayer] > 0){
branch  0 never executed
branch  1 never executed
    #####: 1024:	  tributeRevealedCards[0] = state->deck[nextPlayer][state->deckCount[nextPlayer]-1];
    #####: 1025:	  state->deckCount[nextPlayer]--;
        -: 1026:	}
    #####: 1027:	else if (state->discardCount[nextPlayer] > 0){
branch  0 never executed
branch  1 never executed
    #####: 1028:	  tributeRevealedCards[0] = state->discard[nextPlayer][state->discardCount[nextPlayer]-1];
    #####: 1029:	  state->discardCount[nextPlayer]--;
        -: 1030:	}
        -: 1031:	else{
        -: 1032:	  //No Card to Reveal
        -: 1033:	  if (DEBUG){
        -: 1034:	    printf("No cards to reveal\n");
        -: 1035:	  }
        -: 1036:	}
        -: 1037:      }
        -: 1038:	    
        -: 1039:      else{
    #####: 1040:	if (state->deckCount[nextPlayer] == 0){
branch  0 never executed
branch  1 never executed
    #####: 1041:	  for (i = 0; i < state->discardCount[nextPlayer]; i++){
branch  0 never executed
branch  1 never executed
    #####: 1042:	    state->deck[nextPlayer][i] = state->discard[nextPlayer][i];//Move to deck
    #####: 1043:	    state->deckCount[nextPlayer]++;
    #####: 1044:	    state->discard[nextPlayer][i] = -1;
    #####: 1045:	    state->discardCount[nextPlayer]--;
        -: 1046:	  }
        -: 1047:			    
    #####: 1048:	  shuffle(nextPlayer,state);//Shuffle the deck
call    0 never executed
        -: 1049:	} 
    #####: 1050:	tributeRevealedCards[0] = state->deck[nextPlayer][state->deckCount[nextPlayer]-1];
    #####: 1051:	state->deck[nextPlayer][state->deckCount[nextPlayer]--] = -1;
    #####: 1052:	state->deckCount[nextPlayer]--;
    #####: 1053:	tributeRevealedCards[1] = state->deck[nextPlayer][state->deckCount[nextPlayer]-1];
    #####: 1054:	state->deck[nextPlayer][state->deckCount[nextPlayer]--] = -1;
    #####: 1055:	state->deckCount[nextPlayer]--;
        -: 1056:      }    
        -: 1057:		       
    #####: 1058:      if (tributeRevealedCards[0] == tributeRevealedCards[1]){//If we have a duplicate card, just drop one 
branch  0 never executed
branch  1 never executed
    #####: 1059:	state->playedCards[state->playedCardCount] = tributeRevealedCards[1];
    #####: 1060:	state->playedCardCount++;
    #####: 1061:	tributeRevealedCards[1] = -1;
        -: 1062:      }
        -: 1063:
    #####: 1064:      for (i = 0; i <= 2; i ++){
branch  0 never executed
branch  1 never executed
    #####: 1065:	if (tributeRevealedCards[i] == copper || tributeRevealedCards[i] == silver || tributeRevealedCards[i] == gold){//Treasure cards
branch  0 never executed
branch  1 never executed
branch  2 never executed
branch  3 never executed
branch  4 never executed
branch  5 never executed
    #####: 1066:	  state->coins += 2;
        -: 1067:	}
        -: 1068:		    
    #####: 1069:	else if (tributeRevealedCards[i] == estate || tributeRevealedCards[i] == duchy || tributeRevealedCards[i] == province || tributeRevealedCards[i] == gardens || tributeRevealedCards[i] == great_hall){//Victory Card Found
branch  0 never executed
branch  1 never executed
branch  2 never executed
branch  3 never executed
branch  4 never executed
branch  5 never executed
branch  6 never executed
branch  7 never executed
branch  8 never executed
branch  9 never executed
    #####: 1070:	  drawCard(currentPlayer, state);
call    0 never executed
    #####: 1071:	  drawCard(currentPlayer, state);
call    0 never executed
        -: 1072:	}
        -: 1073:	else{//Action Card
    #####: 1074:	  state->numActions = state->numActions + 2;
        -: 1075:	}
        -: 1076:      }
        -: 1077:	    
    #####: 1078:      return 0;
        -: 1079:		
        -: 1080:    case ambassador:
    #####: 1081:      j = 0;		//used to check if player has enough cards to discard
        -: 1082:
    #####: 1083:      if (choice2 > 2 || choice2 < 0)
branch  0 never executed
branch  1 never executed
branch  2 never executed
branch  3 never executed
        -: 1084:	{
    #####: 1085:	  return -1;				
        -: 1086:	}
        -: 1087:
    #####: 1088:      if (choice1 == handPos)
branch  0 never executed
branch  1 never executed
        -: 1089:	{
    #####: 1090:	  return -1;
        -: 1091:	}
        -: 1092:
    #####: 1093:      for (i = 0; i < state->handCount[currentPlayer]; i++)
branch  0 never executed
branch  1 never executed
        -: 1094:	{
    #####: 1095:	  if (i != handPos && i == state->hand[currentPlayer][choice1] && i != choice1)
branch  0 never executed
branch  1 never executed
branch  2 never executed
branch  3 never executed
branch  4 never executed
branch  5 never executed
        -: 1096:	    {
    #####: 1097:	      j++;
        -: 1098:	    }
        -: 1099:	}
    #####: 1100:      if (j < choice2)
branch  0 never executed
branch  1 never executed
        -: 1101:	{
    #####: 1102:	  return -1;				
        -: 1103:	}
        -: 1104:
        -: 1105:      if (DEBUG) 
        -: 1106:	printf("Player %d reveals card number: %d\n", currentPlayer, state->hand[currentPlayer][choice1]);
        -: 1107:
        -: 1108:      //increase supply count for choosen card by amount being discarded
    #####: 1109:      state->supplyCount[state->hand[currentPlayer][choice1]] += choice2;
        -: 1110:			
        -: 1111:      //each other player gains a copy of revealed card
    #####: 1112:      for (i = 0; i < state->numPlayers; i++)
branch  0 never executed
branch  1 never executed
        -: 1113:	{
    #####: 1114:	  if (i != currentPlayer)
branch  0 never executed
branch  1 never executed
        -: 1115:	    {
    #####: 1116:	      gainCard(state->hand[currentPlayer][choice1], state, 0, i);
call    0 never executed
        -: 1117:	    }
        -: 1118:	}
        -: 1119:
        -: 1120:      //discard played card from hand
    #####: 1121:      discardCard(handPos, currentPlayer, state, 0);			
call    0 never executed
        -: 1122:
        -: 1123:      //trash copies of cards returned to supply
    #####: 1124:      for (j = 0; j < choice2; j++)
branch  0 never executed
branch  1 never executed
        -: 1125:	{
    #####: 1126:	  for (i = 0; i < state->handCount[currentPlayer]; i++)
branch  0 never executed
branch  1 never executed
        -: 1127:	    {
    #####: 1128:	      if (state->hand[currentPlayer][i] == state->hand[currentPlayer][choice1])
branch  0 never executed
branch  1 never executed
        -: 1129:		{
    #####: 1130:		  discardCard(i, currentPlayer, state, 1);
call    0 never executed
    #####: 1131:		  break;
        -: 1132:		}
        -: 1133:	    }
        -: 1134:	}			
        -: 1135:
    #####: 1136:      return 0;
        -: 1137:		
        -: 1138:    case cutpurse:
        -: 1139:
    #####: 1140:      updateCoins(currentPlayer, state, 2);
call    0 never executed
    #####: 1141:      for (i = 0; i < state->numPlayers; i++)
branch  0 never executed
branch  1 never executed
        -: 1142:	{
    #####: 1143:	  if (i != currentPlayer)
branch  0 never executed
branch  1 never executed
        -: 1144:	    {
    #####: 1145:	      for (j = 0; j < state->handCount[i]; j++)
branch  0 never executed
branch  1 never executed
        -: 1146:		{
    #####: 1147:		  if (state->hand[i][j] == copper)
branch  0 never executed
branch  1 never executed
        -: 1148:		    {
    #####: 1149:		      discardCard(j, i, state, 0);
call    0 never executed
    #####: 1150:		      break;
        -: 1151:		    }
    #####: 1152:		  if (j == state->handCount[i])
branch  0 never executed
branch  1 never executed
        -: 1153:		    {
    #####: 1154:		      for (k = 0; k < state->handCount[i]; k++)
branch  0 never executed
branch  1 never executed
        -: 1155:			{
        -: 1156:			  if (DEBUG)
        -: 1157:			    printf("Player %d reveals card number %d\n", i, state->hand[i][k]);
        -: 1158:			}	
    #####: 1159:		      break;
        -: 1160:		    }		
        -: 1161:		}
        -: 1162:					
        -: 1163:	    }
        -: 1164:				
        -: 1165:	}				
        -: 1166:
        -: 1167:      //discard played card from hand
    #####: 1168:      discardCard(handPos, currentPlayer, state, 0);			
call    0 never executed
        -: 1169:
    #####: 1170:      return 0;
        -: 1171:
        -: 1172:		
        -: 1173:    case embargo: 
        -: 1174:      //+2 Coins
    #####: 1175:      state->coins = state->coins + 2;
        -: 1176:			
        -: 1177:      //see if selected pile is in play
    #####: 1178:      if ( state->supplyCount[choice1] == -1 )
branch  0 never executed
branch  1 never executed
        -: 1179:	{
    #####: 1180:	  return -1;
        -: 1181:	}
        -: 1182:			
        -: 1183:      //add embargo token to selected supply pile
    #####: 1184:      state->embargoTokens[choice1]++;
        -: 1185:			
        -: 1186:      //trash card
    #####: 1187:      discardCard(handPos, currentPlayer, state, 1);		
call    0 never executed
    #####: 1188:      return 0;
        -: 1189:		
        -: 1190:    case outpost:
        -: 1191:      //set outpost flag
    #####: 1192:      state->outpostPlayed++;
        -: 1193:			
        -: 1194:      //discard card
    #####: 1195:      discardCard(handPos, currentPlayer, state, 0);
call    0 never executed
    #####: 1196:      return 0;
        -: 1197:		
        -: 1198:    case salvager:
    #####: 1199:   		return playSalvager(state, choice1, handPos, currentPlayer);
call    0 never executed
        -: 1200:
        -: 1201:    case sea_hag:
    #####: 1202:      for (i = 0; i < state->numPlayers; i++){
branch  0 never executed
branch  1 never executed
    #####: 1203:	if (i != currentPlayer){
branch  0 never executed
branch  1 never executed
    #####: 1204:	  state->discard[i][state->discardCount[i]] = state->deck[i][state->deckCount[i]--];			    state->deckCount[i]--;
    #####: 1205:	  state->discardCount[i]++;
    #####: 1206:	  state->deck[i][state->deckCount[i]--] = curse;//Top card now a curse
        -: 1207:	}
        -: 1208:      }
    #####: 1209:      return 0;
        -: 1210:		
        -: 1211:    case treasure_map:
        -: 1212:      //search hand for another treasure_map
    #####: 1213:      index = -1;
    #####: 1214:      for (i = 0; i < state->handCount[currentPlayer]; i++)
branch  0 never executed
branch  1 never executed
        -: 1215:	{
    #####: 1216:	  if (state->hand[currentPlayer][i] == treasure_map && i != handPos)
branch  0 never executed
branch  1 never executed
branch  2 never executed
branch  3 never executed
        -: 1217:	    {
    #####: 1218:	      index = i;
    #####: 1219:	      break;
        -: 1220:	    }
        -: 1221:	}
    #####: 1222:      if (index > -1)
branch  0 never executed
branch  1 never executed
        -: 1223:	{
        -: 1224:	  //trash both treasure cards
    #####: 1225:	  discardCard(handPos, currentPlayer, state, 1);
call    0 never executed
    #####: 1226:	  discardCard(index, currentPlayer, state, 1);
call    0 never executed
        -: 1227:
        -: 1228:	  //gain 4 Gold cards
    #####: 1229:	  for (i = 0; i < 4; i++)
branch  0 never executed
branch  1 never executed
        -: 1230:	    {
    #####: 1231:	      gainCard(gold, state, 1, currentPlayer);
call    0 never executed
        -: 1232:	    }
        -: 1233:				
        -: 1234:	  //return success
    #####: 1235:	  return 1;
        -: 1236:	}
        -: 1237:			
        -: 1238:      //no second treasure_map found in hand
    #####: 1239:      return -1;
        -: 1240:    }
        -: 1241:	
    #####: 1242:  return -1;
        -: 1243:}
        -: 1244:
function discardCard called 500 returned 100% blocks executed 89%
      500: 1245:int discardCard(int handPos, int currentPlayer, struct gameState *state, int trashFlag)
        -: 1246:{
        -: 1247:	
        -: 1248:  //if card is not trashed, added to Played pile 
      500: 1249:  if (trashFlag < 1)
branch  0 taken 100% (fallthrough)
branch  1 taken 0%
        -: 1250:    {
        -: 1251:      //add card to played pile
      500: 1252:      state->playedCards[state->playedCardCount] = state->hand[currentPlayer][handPos]; 
      500: 1253:      state->playedCardCount++;
        -: 1254:    }
        -: 1255:	
        -: 1256:  //set played card to -1
      500: 1257:  state->hand[currentPlayer][handPos] = -1;
        -: 1258:	
        -: 1259:  //remove card from player's hand
      500: 1260:  if ( handPos == (state->handCount[currentPlayer] - 1) ) 	//last card in hand array is played
branch  0 taken 1% (fallthrough)
branch  1 taken 99%
        -: 1261:    {
        -: 1262:      //reduce number of cards in hand
        1: 1263:      state->handCount[currentPlayer]--;
        -: 1264:    }
      499: 1265:  else if ( state->handCount[currentPlayer] == 1 ) //only one card in hand
branch  0 taken 0% (fallthrough)
branch  1 taken 100%
        -: 1266:    {
        -: 1267:      //reduce number of cards in hand
    #####: 1268:      state->handCount[currentPlayer]--;
        -: 1269:    }
        -: 1270:  else 	
        -: 1271:    {
        -: 1272:      //replace discarded card with last card in hand
      499: 1273:      state->hand[currentPlayer][handPos] = state->hand[currentPlayer][ (state->handCount[currentPlayer] - 1)];
        -: 1274:      //set last card to -1
      499: 1275:      state->hand[currentPlayer][state->handCount[currentPlayer] - 1] = -1;
        -: 1276:      //reduce number of cards in hand
      499: 1277:      state->handCount[currentPlayer]--;
        -: 1278:    }
        -: 1279:	
      500: 1280:  return 0;
        -: 1281:}
        -: 1282:
function gainCard called 0 returned 0% blocks executed 0%
    #####: 1283:int gainCard(int supplyPos, struct gameState *state, int toFlag, int player)
        -: 1284:{
        -: 1285:  //Note: supplyPos is enum of choosen card
        -: 1286:	
        -: 1287:  //check if supply pile is empty (0) or card is not used in game (-1)
    #####: 1288:  if ( supplyCount(supplyPos, state) < 1 )
call    0 never executed
branch  1 never executed
branch  2 never executed
        -: 1289:    {
    #####: 1290:      return -1;
        -: 1291:    }
        -: 1292:	
        -: 1293:  //added card for [whoseTurn] current player:
        -: 1294:  // toFlag = 0 : add to discard
        -: 1295:  // toFlag = 1 : add to deck
        -: 1296:  // toFlag = 2 : add to hand
        -: 1297:
    #####: 1298:  if (toFlag == 1)
branch  0 never executed
branch  1 never executed
        -: 1299:    {
    #####: 1300:      state->deck[ player ][ state->deckCount[player] ] = supplyPos;
    #####: 1301:      state->deckCount[player]++;
        -: 1302:    }
    #####: 1303:  else if (toFlag == 2)
branch  0 never executed
branch  1 never executed
        -: 1304:    {
    #####: 1305:      state->hand[ player ][ state->handCount[player] ] = supplyPos;
    #####: 1306:      state->handCount[player]++;
        -: 1307:    }
        -: 1308:  else
        -: 1309:    {
    #####: 1310:      state->discard[player][ state->discardCount[player] ] = supplyPos;
    #####: 1311:      state->discardCount[player]++;
        -: 1312:    }
        -: 1313:	
        -: 1314:  //decrease number in supply pile
    #####: 1315:  state->supplyCount[supplyPos]--;
        -: 1316:	 
    #####: 1317:  return 0;
        -: 1318:}
        -: 1319:
function updateCoins called 3000 returned 100% blocks executed 100%
     3000: 1320:int updateCoins(int player, struct gameState *state, int bonus)
        -: 1321:{
        -: 1322:  int i;
        -: 1323:	
        -: 1324:  //reset coin count
     3000: 1325:  state->coins = 0;
        -: 1326:
        -: 1327:  //add coins for each Treasure card in player's hand
   391931: 1328:  for (i = 0; i < state->handCount[player]; i++)
branch  0 taken 99%
branch  1 taken 1% (fallthrough)
        -: 1329:    {
   388931: 1330:      if (state->hand[player][i] == copper)
branch  0 taken 5% (fallthrough)
branch  1 taken 95%
        -: 1331:	{
    20689: 1332:	  state->coins += 1;
        -: 1333:	}
   368242: 1334:      else if (state->hand[player][i] == silver)
branch  0 taken 4% (fallthrough)
branch  1 taken 96%
        -: 1335:	{
    14534: 1336:	  state->coins += 2;
        -: 1337:	}
   353708: 1338:      else if (state->hand[player][i] == gold)
branch  0 taken 4% (fallthrough)
branch  1 taken 96%
        -: 1339:	{
    14403: 1340:	  state->coins += 3;
        -: 1341:	}	
        -: 1342:    }	
        -: 1343:
        -: 1344:  //add bonus
     3000: 1345:  state->coins += bonus;
        -: 1346:
     3000: 1347:  return 0;
        -: 1348:}
        -: 1349:
        -: 1350:
        -: 1351://end of dominion.c
        -: 1352:
