        -:    0:Source:cardtest3.c
        -:    0:Graph:cardtest3.gcno
        -:    0:Data:cardtest3.gcda
        -:    0:Runs:1
        -:    0:Programs:1
        -:    1:/* -----------------------------------------------------------------------
        -:    2: * Demonstration of how to write unit tests for dominion-base
        -:    3: * Include the following lines in your makefile:
        -:    4: *
        -:    5: * testUpdateCoins: testUpdateCoins.c dominion.o rngs.o
        -:    6: *      gcc -o testUpdateCoins -g  testUpdateCoins.c dominion.o rngs.o $(CFLAGS)
        -:    7: * -----------------------------------------------------------------------
        -:    8:  This file is based off of the update coins file given in the course materials
        -:    9: */
        -:   10:
        -:   11:  /*Test the function ______________*/
        -:   12: 
        -:   13:#include "dominion.h"
        -:   14:#include "dominion_helpers.h"
        -:   15:#include <string.h>
        -:   16:#include <stdio.h>
        -:   17:#include <assert.h>
        -:   18:#include "rngs.h"
        -:   19:
        -:   20:// set NOISY_TEST to 0 to remove printfs from output
        -:   21:#define NOISY_TEST 1
        -:   22:
        -:   23:// set TEST_FUNCTION to whatever thing is being tested
        -:   24:#define TEST_FUNCTION "Village"
        -:   25:
        -:   26:// Self created assert function for testing functions
        5:   27:void assertTrue(int b)
        -:   28:{
        5:   29:	if(b == 0)
        -:   30:	{
        1:   31:		printf("Test Failed\n");
        -:   32:	}
        -:   33:	else
        -:   34:	{
        4:   35:		printf("Test Successful\n");
        -:   36:	}
        5:   37:}
        -:   38:
        1:   39:int main() {
        -:   40:	//Initialize game parameters
        -:   41:	int b;
        -:   42:    int i;
        1:   43:    int seed = 1000;
        1:   44:    int numPlayer = 2;
        1:   45:    int maxBonus = 10;
        -:   46:    int p, r, handCount;
        1:   47:	int handpos = 0;
        1:   48:	int choice1 = 0;
        1:   49:	int choice2 = 0;
        1:   50:	int choice3 = 0;
        1:   51:	int bonus = 0;
        1:   52:	int player = 0;
        1:   53:    int k[10] = {adventurer, council_room, feast, gardens, mine
        -:   54:               , remodel, smithy, village, baron, great_hall};
        -:   55:    struct gameState G, testG;
        1:   56:    int maxHandCount = 5;
        -:   57:	
        -:   58:	
        -:   59:	// Begin the testing
        1:   60:    printf ("TESTING %s\n", TEST_FUNCTION);
        1:   61:    memset(&G, 23, sizeof(struct gameState));   // clear the game state
        1:   62:    r = initializeGame(numPlayer, k, seed, &G); // initialize a new game
        1:   63:	G.whoseTurn = 0;
        1:   64:	G.deckCount[0] = 5;
        -:   65:	// TEST 1
        1:   66:	printf("Village card played\n"); //Test being run
        1:   67:	memcpy(&testG, &G, sizeof(struct gameState)); //save game state to compare
        1:   68:	cardEffect(village,choice1,choice2,choice3,&testG,handpos,&bonus);
        -:   69:	
        1:   70:	printf("Drew cards from correct pile?\n");
        1:   71:	assertTrue(testG.deckCount[player] == (G.deckCount[player]-1));
        -:   72:	
        1:   73:	printf("Drew 1 card?\n");
        1:   74:	assertTrue(testG.handCount[player] == G.handCount[player]);
        -:   75:	
        1:   76:	printf("Actions correct?\n");
        1:   77:	assertTrue(testG.numActions == (G.numActions+2));
        -:   78:	
        1:   79:	printf("Supply unchanged?\n");
        1:   80:	int j = 0;
       26:   81:	for (i = 0; i < 25; i++)
        -:   82:	  {
       25:   83:		if (testG.supplyCount[i] != G.supplyCount[i])
        -:   84:		  {
    #####:   85:			j++;
        -:   86:		  }
        -:   87:	  }
        1:   88:	assertTrue( j == 0);
        -:   89:
        1:   90:	printf("Other player hand unchanged?\n");
        1:   91:	assertTrue(testG.handCount[1] == G.handCount[1]);
        -:   92:
        -:   93:	//End the testing
        1:   94:    printf("End Testing for %s\n",TEST_FUNCTION);
        -:   95:
        1:   96:    return 0;
        -:   97:}
