        -:    0:Source:cardtest4.c
        -:    0:Programs:32
        -:    1:/* -----------------------------------------------------------------------
        -:    2: * Demonstration of how to write unit tests for dominion-base
        -:    3: * Include the following lines in your makefile:
        -:    4: *
        -:    5: * testUpdateCoins: testUpdateCoins.c dominion.o rngs.o
        -:    6: *      gcc -o testUpdateCoins -g  testUpdateCoins.c dominion.o rngs.o $(CFLAGS)
        -:    7: * -----------------------------------------------------------------------
        -:    8:  This file is based off of the update coins file given in the course materials
        -:    9: */
        -:   10:
        -:   11:  /*Test the function ______________*/
        -:   12: 
        -:   13:#include "dominion.h"
        -:   14:#include "dominion_helpers.h"
        -:   15:#include <string.h>
        -:   16:#include <stdio.h>
        -:   17:#include <assert.h>
        -:   18:#include "rngs.h"
        -:   19:
        -:   20:// set NOISY_TEST to 0 to remove printfs from output
        -:   21:#define NOISY_TEST 1
        -:   22:
        -:   23:// set TEST_FUNCTION to whatever thing is being tested
        -:   24:#define TEST_FUNCTION "Council Room"
        -:   25:
        -:   26:// Self created assert function for testing functions
        5:   27:void assertTrue(int b)
        -:   28:{
        5:   29:	if(b == 0)
        -:   30:	{
        2:   31:		printf("Test Failed\n");
        -:   32:	}
        -:   33:	else
        -:   34:	{
        3:   35:		printf("Test Successful\n");
        -:   36:	}
        5:   37:}
        -:   38:
        1:   39:int main() {
        -:   40:	//Initialize game parameters
        -:   41:	int b;
        -:   42:    int i;
        1:   43:    int seed = 1000;
        1:   44:    int numPlayer = 2;
        1:   45:    int maxBonus = 10;
        -:   46:    int p, r, handCount;
        1:   47:	int handpos = 0;
        1:   48:	int choice1 = 0;
        1:   49:	int choice2 = 0;
        1:   50:	int choice3 = 0;
        1:   51:	int bonus = 0;
        1:   52:	int player = 0;
        1:   53:    int k[10] = {adventurer, council_room, feast, gardens, mine
        -:   54:               , remodel, smithy, village, baron, great_hall};
        -:   55:    struct gameState G, testG;
        1:   56:    int maxHandCount = 5;
        -:   57:	
        -:   58:	
        -:   59:	// Begin the testing
        1:   60:    printf ("TESTING %s\n", TEST_FUNCTION);
        1:   61:    memset(&G, 23, sizeof(struct gameState));   // clear the game state
        1:   62:    r = initializeGame(numPlayer, k, seed, &G); // initialize a new game
        1:   63:	G.whoseTurn = 0;
        1:   64:	G.deckCount[0] = 10;
        -:   65:
        -:   66:	// TEST 1
        1:   67:	printf("Council Room card played\n"); //Test being run
        1:   68:	memcpy(&testG, &G, sizeof(struct gameState)); //save game state to compare
        1:   69:	cardEffect(council_room,choice1,choice2,choice3,&testG,handpos,&bonus);
        -:   70:	
        1:   71:	printf("Drew cards from correct pile?\n");
        1:   72:	assertTrue(testG.deckCount[player] == (G.deckCount[player]-4));
        -:   73:	
        1:   74:	printf("Drew 4 cards?\n");
        1:   75:	assertTrue(testG.handCount[player] == (G.handCount[player]+4));
        -:   76:	
        1:   77:	printf("Buys correct?\n");
        1:   78:	assertTrue(testG.numBuys == (G.numBuys+1));
        -:   79:	
        1:   80:	printf("Supply unchanged?\n");
        1:   81:	int j = 0;
       26:   82:	for (i = 0; i < 25; i++)
        -:   83:	  {
       25:   84:		if (testG.supplyCount[i] != G.supplyCount[i])
        -:   85:		  {
    #####:   86:			j++;
        -:   87:		  }
        -:   88:	  }
        1:   89:	assertTrue( j == 0);
        -:   90:
        1:   91:	printf("Other player drew a card?\n");
        1:   92:	assertTrue(testG.handCount[1] == (G.handCount[1]+1));
        -:   93:
        -:   94:	//End the testing
        1:   95:    printf("End Testing for %s\n",TEST_FUNCTION);
        -:   96:
        1:   97:    return 0;
        -:   98:}
