        -:    0:Source:dominion.c
        -:    0:Programs:40
        -:    1:#include "dominion.h"
        -:    2:#include "dominion_helpers.h"
        -:    3:#include "rngs.h"
        -:    4:#include <stdio.h>
        -:    5:#include <math.h>
        -:    6:#include <stdlib.h>
        -:    7:
  1140720:    8:int compare(const void* a, const void* b) {
  1140720:    9:  if (*(int*)a > *(int*)b)
    #####:   10:    return 1;
  1140720:   11:  if (*(int*)a < *(int*)b)
   304192:   12:    return -1;
   836528:   13:  return 0;
        -:   14:}
        -:   15:
    #####:   16:struct gameState* newGame() {
    #####:   17:  struct gameState* g = malloc(sizeof(struct gameState));
    #####:   18:  return g;
        -:   19:}
        -:   20:
    #####:   21:int* kingdomCards(int k1, int k2, int k3, int k4, int k5, int k6, int k7,
        -:   22:		  int k8, int k9, int k10) {
    #####:   23:  int* k = malloc(10 * sizeof(int));
    #####:   24:  k[0] = k1;
    #####:   25:  k[1] = k2;
    #####:   26:  k[2] = k3;
    #####:   27:  k[3] = k4;
    #####:   28:  k[4] = k5;
    #####:   29:  k[5] = k6;
    #####:   30:  k[6] = k7;
    #####:   31:  k[7] = k8;
    #####:   32:  k[8] = k9;
    #####:   33:  k[9] = k10;
    #####:   34:  return k;
        -:   35:}
        -:   36:
    38024:   37:int initializeGame(int numPlayers, int kingdomCards[10], int randomSeed,
        -:   38:		   struct gameState *state) {
        -:   39:
        -:   40:  int i;
        -:   41:  int j;
        -:   42:  int it;			
        -:   43:  //set up random number generator
    38024:   44:  SelectStream(1);
    38024:   45:  PutSeed((long)randomSeed);
        -:   46:  
        -:   47:  //check number of players
    38024:   48:  if (numPlayers > MAX_PLAYERS || numPlayers < 2)
        -:   49:    {
    #####:   50:      return -1;
        -:   51:    }
        -:   52:
        -:   53:  //set number of players
    38024:   54:  state->numPlayers = numPlayers;
        -:   55:
        -:   56:  //check selected kingdom cards are different
   418264:   57:  for (i = 0; i < 10; i++)
        -:   58:    {
  4182640:   59:      for (j = 0; j < 10; j++)
        -:   60:        {
  3802400:   61:	  if (j != i && kingdomCards[j] == kingdomCards[i])
        -:   62:	    {
    #####:   63:	      return -1;
        -:   64:	    }
        -:   65:        }
        -:   66:    }
        -:   67:
        -:   68:
        -:   69:  //initialize supply
        -:   70:  ///////////////////////////////
        -:   71:
        -:   72:  //set number of Curse cards
    38024:   73:  if (numPlayers == 2)
        -:   74:    {
    38024:   75:      state->supplyCount[curse] = 10;
        -:   76:    }
    #####:   77:  else if (numPlayers == 3)
        -:   78:    {
    #####:   79:      state->supplyCount[curse] = 20;
        -:   80:    }
        -:   81:  else
        -:   82:    {
    #####:   83:      state->supplyCount[curse] = 30;
        -:   84:    }
        -:   85:
        -:   86:  //set number of Victory cards
    38024:   87:  if (numPlayers == 2)
        -:   88:    {
    38024:   89:      state->supplyCount[estate] = 8;
    38024:   90:      state->supplyCount[duchy] = 8;
    38024:   91:      state->supplyCount[province] = 8;
        -:   92:    }
        -:   93:  else
        -:   94:    {
    #####:   95:      state->supplyCount[estate] = 12;
    #####:   96:      state->supplyCount[duchy] = 12;
    #####:   97:      state->supplyCount[province] = 12;
        -:   98:    }
        -:   99:
        -:  100:  //set number of Treasure cards
    38024:  101:  state->supplyCount[copper] = 60 - (7 * numPlayers);
    38024:  102:  state->supplyCount[silver] = 40;
    38024:  103:  state->supplyCount[gold] = 30;
        -:  104:
        -:  105:  //set number of Kingdom cards
   798504:  106:  for (i = adventurer; i <= treasure_map; i++)       	//loop all cards
        -:  107:    {
  6273960:  108:      for (j = 0; j < 10; j++)           		//loop chosen cards
        -:  109:	{
  5893720:  110:	  if (kingdomCards[j] == i)
        -:  111:	    {
        -:  112:	      //check if card is a 'Victory' Kingdom card
   380240:  113:	      if (kingdomCards[j] == great_hall || kingdomCards[j] == gardens)
        -:  114:		{
   152096:  115:		  if (numPlayers == 2){ 
    76048:  116:		    state->supplyCount[i] = 8; 
        -:  117:		  }
    #####:  118:		  else{ state->supplyCount[i] = 12; }
        -:  119:		}
        -:  120:	      else
        -:  121:		{
   304192:  122:		  state->supplyCount[i] = 10;
        -:  123:		}
   380240:  124:	      break;
        -:  125:	    }
        -:  126:	  else    //card is not in the set choosen for the game
        -:  127:	    {
  5513480:  128:	      state->supplyCount[i] = -1;
        -:  129:	    }
        -:  130:	}
        -:  131:
        -:  132:    }
        -:  133:
        -:  134:  ////////////////////////
        -:  135:  //supply intilization complete
        -:  136:
        -:  137:  //set player decks
   114072:  138:  for (i = 0; i < numPlayers; i++)
        -:  139:    {
    76048:  140:      state->deckCount[i] = 0;
   304192:  141:      for (j = 0; j < 3; j++)
        -:  142:	{
   228144:  143:	  state->deck[i][j] = estate;
   228144:  144:	  state->deckCount[i]++;
        -:  145:	}
   608384:  146:      for (j = 3; j < 10; j++)
        -:  147:	{
   532336:  148:	  state->deck[i][j] = copper;
   532336:  149:	  state->deckCount[i]++;		
        -:  150:	}
        -:  151:    }
        -:  152:
        -:  153:  //shuffle player decks
   114072:  154:  for (i = 0; i < numPlayers; i++)
        -:  155:    {
    76048:  156:      if ( shuffle(i, state) < 0 )
        -:  157:	{
    #####:  158:	  return -1;
        -:  159:	}
        -:  160:    }
        -:  161:
        -:  162:  //draw player hands
   114072:  163:  for (i = 0; i < numPlayers; i++)
        -:  164:    {  
        -:  165:      //initialize hand size to zero
    76048:  166:      state->handCount[i] = 0;
    76048:  167:      state->discardCount[i] = 0;
        -:  168:      //draw 5 cards
        -:  169:      // for (j = 0; j < 5; j++)
        -:  170:      //	{
        -:  171:      //	  drawCard(i, state);
        -:  172:      //	}
        -:  173:    }
        -:  174:  
        -:  175:  //set embargo tokens to 0 for all supply piles
  1064672:  176:  for (i = 0; i <= treasure_map; i++)
        -:  177:    {
  1026648:  178:      state->embargoTokens[i] = 0;
        -:  179:    }
        -:  180:
        -:  181:  //initialize first player's turn
    38024:  182:  state->outpostPlayed = 0;
    38024:  183:  state->phase = 0;
    38024:  184:  state->numActions = 1;
    38024:  185:  state->numBuys = 1;
    38024:  186:  state->playedCardCount = 0;
    38024:  187:  state->whoseTurn = 0;
    38024:  188:  state->handCount[state->whoseTurn] = 0;
        -:  189:  //int it; move to top
        -:  190:
        -:  191:  //Moved draw cards to here, only drawing at the start of a turn
   228144:  192:  for (it = 0; it < 5; it++){
   190120:  193:    drawCard(state->whoseTurn, state);
        -:  194:  }
        -:  195:
    38024:  196:  updateCoins(state->whoseTurn, state, 0);
        -:  197:
    38024:  198:  return 0;
        -:  199:}
        -:  200:
   229526:  201:int shuffle(int player, struct gameState *state) {
        -:  202: 
        -:  203:
        -:  204:  int newDeck[MAX_DECK];
   229526:  205:  int newDeckPos = 0;
        -:  206:  int card;
        -:  207:  int i;
        -:  208:
   229526:  209:  if (state->deckCount[player] < 1)
   153478:  210:    return -1;
    76048:  211:  qsort ((void*)(state->deck[player]), state->deckCount[player], sizeof(int), compare); 
        -:  212:  /* SORT CARDS IN DECK TO ENSURE DETERMINISM! */
        -:  213:
   912576:  214:  while (state->deckCount[player] > 0) {
   760480:  215:    card = floor(Random() * state->deckCount[player]);
   760480:  216:    newDeck[newDeckPos] = state->deck[player][card];
   760480:  217:    newDeckPos++;
  2636091:  218:    for (i = card; i < state->deckCount[player]-1; i++) {
  1875611:  219:      state->deck[player][i] = state->deck[player][i+1];
        -:  220:    }
   760480:  221:    state->deckCount[player]--;
        -:  222:  }
   836528:  223:  for (i = 0; i < newDeckPos; i++) {
   760480:  224:    state->deck[player][i] = newDeck[i];
   760480:  225:    state->deckCount[player]++;
        -:  226:  }
        -:  227:
    76048:  228:  return 0;
        -:  229:}
        -:  230:
    #####:  231:int playCard(int handPos, int choice1, int choice2, int choice3, struct gameState *state) 
        -:  232:{	
        -:  233:  int card;
    #####:  234:  int coin_bonus = 0; 		//tracks coins gain from actions
        -:  235:
        -:  236:  //check if it is the right phase
    #####:  237:  if (state->phase != 0)
        -:  238:    {
    #####:  239:      return -1;
        -:  240:    }
        -:  241:	
        -:  242:  //check if player has enough actions
    #####:  243:  if ( state->numActions < 1 )
        -:  244:    {
    #####:  245:      return -1;
        -:  246:    }
        -:  247:	
        -:  248:  //get card played
    #####:  249:  card = handCard(handPos, state);
        -:  250:	
        -:  251:  //check if selected card is an action
    #####:  252:  if ( card < adventurer || card > treasure_map )
        -:  253:    {
    #####:  254:      return -1;
        -:  255:    }
        -:  256:	
        -:  257:  //play card
    #####:  258:  if ( cardEffect(card, choice1, choice2, choice3, state, handPos, &coin_bonus) < 0 )
        -:  259:    {
    #####:  260:      return -1;
        -:  261:    }
        -:  262:	
        -:  263:  //reduce number of actions
    #####:  264:  state->numActions--;
        -:  265:
        -:  266:  //update coins (Treasure cards may be added with card draws)
    #####:  267:  updateCoins(state->whoseTurn, state, coin_bonus);
        -:  268:	
    #####:  269:  return 0;
        -:  270:}
        -:  271:
    #####:  272:int buyCard(int supplyPos, struct gameState *state) {
        -:  273:  int who;
        -:  274:  if (DEBUG){
        -:  275:    printf("Entering buyCard...\n");
        -:  276:  }
        -:  277:
        -:  278:  // I don't know what to do about the phase thing.
        -:  279:
    #####:  280:  who = state->whoseTurn;
        -:  281:
    #####:  282:  if (state->numBuys < 1){
        -:  283:    if (DEBUG)
        -:  284:      printf("You do not have any buys left\n");
    #####:  285:    return -1;
    #####:  286:  } else if (supplyCount(supplyPos, state) <1){
        -:  287:    if (DEBUG)
        -:  288:      printf("There are not any of that type of card left\n");
    #####:  289:    return -1;
    #####:  290:  } else if (state->coins < getCost(supplyPos)){
        -:  291:    if (DEBUG) 
        -:  292:      printf("You do not have enough money to buy that. You have %d coins.\n", state->coins);
    #####:  293:    return -1;
        -:  294:  } else {
    #####:  295:    state->phase=1;
        -:  296:    //state->supplyCount[supplyPos]--;
    #####:  297:    gainCard(supplyPos, state, 0, who); //card goes in discard, this might be wrong.. (2 means goes into hand, 0 goes into discard)
        -:  298:  
    #####:  299:    state->coins = (state->coins) - (getCost(supplyPos));
    #####:  300:    state->numBuys--;
        -:  301:    if (DEBUG)
        -:  302:      printf("You bought card number %d for %d coins. You now have %d buys and %d coins.\n", supplyPos, getCost(supplyPos), state->numBuys, state->coins);
        -:  303:  }
        -:  304:
        -:  305:  //state->discard[who][state->discardCount[who]] = supplyPos;
        -:  306:  //state->discardCount[who]++;
        -:  307:    
    #####:  308:  return 0;
        -:  309:}
        -:  310:
    #####:  311:int numHandCards(struct gameState *state) {
    #####:  312:  return state->handCount[ whoseTurn(state) ];
        -:  313:}
        -:  314:
    #####:  315:int handCard(int handPos, struct gameState *state) {
    #####:  316:  int currentPlayer = whoseTurn(state);
    #####:  317:  return state->hand[currentPlayer][handPos];
        -:  318:}
        -:  319:
    #####:  320:int supplyCount(int card, struct gameState *state) {
    #####:  321:  return state->supplyCount[card];
        -:  322:}
        -:  323:
        2:  324:int fullDeckCount(int player, int card, struct gameState *state) {
        -:  325:  int i;
        2:  326:  int count = 0;
        -:  327:
        4:  328:  for (i = 0; i < state->deckCount[player]; i++)
        -:  329:    {
        2:  330:      if (state->deck[player][i] == card) count++;
        -:  331:    }
        -:  332:
        6:  333:  for (i = 0; i < state->handCount[player]; i++)
        -:  334:    {
        4:  335:      if (state->hand[player][i] == card) count++;
        -:  336:    }
        -:  337:
        8:  338:  for (i = 0; i < state->discardCount[player]; i++)
        -:  339:    {
        6:  340:      if (state->discard[player][i] == card) count++;
        -:  341:    }
        -:  342:
        2:  343:  return count;
        -:  344:}
        -:  345:
    38020:  346:int whoseTurn(struct gameState *state) {
    38020:  347:  return state->whoseTurn;
        -:  348:}
        -:  349:
    #####:  350:int endTurn(struct gameState *state) {
        -:  351:  int k;
        -:  352:  int i;
    #####:  353:  int currentPlayer = whoseTurn(state);
        -:  354:  
        -:  355:  //Discard hand
    #####:  356:  for (i = 0; i < state->handCount[currentPlayer]; i++){
    #####:  357:    state->discard[currentPlayer][state->discardCount[currentPlayer]++] = state->hand[currentPlayer][i];//Discard
    #####:  358:    state->hand[currentPlayer][i] = -1;//Set card to -1
        -:  359:  }
    #####:  360:  state->handCount[currentPlayer] = 0;//Reset hand count
        -:  361:    
        -:  362:  //Code for determining the player
    #####:  363:  if (currentPlayer < (state->numPlayers - 1)){ 
    #####:  364:    state->whoseTurn = currentPlayer + 1;//Still safe to increment
        -:  365:  }
        -:  366:  else{
    #####:  367:    state->whoseTurn = 0;//Max player has been reached, loop back around to player 1
        -:  368:  }
        -:  369:
    #####:  370:  state->outpostPlayed = 0;
    #####:  371:  state->phase = 0;
    #####:  372:  state->numActions = 1;
    #####:  373:  state->coins = 0;
    #####:  374:  state->numBuys = 1;
    #####:  375:  state->playedCardCount = 0;
    #####:  376:  state->handCount[state->whoseTurn] = 0;
        -:  377:
        -:  378:  //int k; move to top
        -:  379:  //Next player draws hand
    #####:  380:  for (k = 0; k < 5; k++){
    #####:  381:    drawCard(state->whoseTurn, state);//Draw a card
        -:  382:  }
        -:  383:
        -:  384:  //Update money
    #####:  385:  updateCoins(state->whoseTurn, state , 0);
        -:  386:
    #####:  387:  return 0;
        -:  388:}
        -:  389:
        4:  390:int isGameOver(struct gameState *state) {
        -:  391:  int i;
        -:  392:  int j;
        -:  393:	
        -:  394:  //if stack of Province cards is empty, the game ends
        4:  395:  if (state->supplyCount[province] == 0)
        -:  396:    {
        2:  397:      return 1;
        -:  398:    }
        -:  399:
        -:  400:  //if three supply pile are at 0, the game ends
        2:  401:  j = 0;
       52:  402:  for (i = 0; i < 25; i++)
        -:  403:    {
       50:  404:      if (state->supplyCount[i] == 0)
        -:  405:	{
    #####:  406:	  j++;
        -:  407:	}
        -:  408:    }
        2:  409:  if ( j >= 3)
        -:  410:    {
    #####:  411:      return 1;
        -:  412:    }
        -:  413:
        2:  414:  return 0;
        -:  415:}
        -:  416:
    #####:  417:int scoreFor (int player, struct gameState *state) {
        -:  418:
        -:  419:  int i;
    #####:  420:  int score = 0;
        -:  421:  //score from hand
    #####:  422:  for (i = 0; i < state->handCount[player]; i++)
        -:  423:    {
    #####:  424:      if (state->hand[player][i] == curse) { score = score - 1; };
    #####:  425:      if (state->hand[player][i] == estate) { score = score + 1; };
    #####:  426:      if (state->hand[player][i] == duchy) { score = score + 3; };
    #####:  427:      if (state->hand[player][i] == province) { score = score + 6; };
    #####:  428:      if (state->hand[player][i] == great_hall) { score = score + 1; };
    #####:  429:      if (state->hand[player][i] == gardens) { score = score + ( fullDeckCount(player, 0, state) / 10 ); };
        -:  430:    }
        -:  431:
        -:  432:  //score from discard
    #####:  433:  for (i = 0; i < state->discardCount[player]; i++)
        -:  434:    {
    #####:  435:      if (state->discard[player][i] == curse) { score = score - 1; };
    #####:  436:      if (state->discard[player][i] == estate) { score = score + 1; };
    #####:  437:      if (state->discard[player][i] == duchy) { score = score + 3; };
    #####:  438:      if (state->discard[player][i] == province) { score = score + 6; };
    #####:  439:      if (state->discard[player][i] == great_hall) { score = score + 1; };
    #####:  440:      if (state->discard[player][i] == gardens) { score = score + ( fullDeckCount(player, 0, state) / 10 ); };
        -:  441:    }
        -:  442:
        -:  443:  //score from deck
    #####:  444:  for (i = 0; i < state->discardCount[player]; i++)
        -:  445:    {
    #####:  446:      if (state->deck[player][i] == curse) { score = score - 1; };
    #####:  447:      if (state->deck[player][i] == estate) { score = score + 1; };
    #####:  448:      if (state->deck[player][i] == duchy) { score = score + 3; };
    #####:  449:      if (state->deck[player][i] == province) { score = score + 6; };
    #####:  450:      if (state->deck[player][i] == great_hall) { score = score + 1; };
    #####:  451:      if (state->deck[player][i] == gardens) { score = score + ( fullDeckCount(player, 0, state) / 10 ); };
        -:  452:    }
        -:  453:
    #####:  454:  return score;
        -:  455:}
        -:  456:
    #####:  457:int getWinners(int players[MAX_PLAYERS], struct gameState *state) {
        -:  458:  int i;	
        -:  459:  int j;
        -:  460:  int highScore;
        -:  461:  int currentPlayer;
        -:  462:
        -:  463:  //get score for each player
    #####:  464:  for (i = 0; i < MAX_PLAYERS; i++)
        -:  465:    {
        -:  466:      //set unused player scores to -9999
    #####:  467:      if (i >= state->numPlayers)
        -:  468:	{
    #####:  469:	  players[i] = -9999;
        -:  470:	}
        -:  471:      else
        -:  472:	{
    #####:  473:	  players[i] = scoreFor (i, state);
        -:  474:	}
        -:  475:    }
        -:  476:
        -:  477:  //find highest score
    #####:  478:  j = 0;
    #####:  479:  for (i = 0; i < MAX_PLAYERS; i++)
        -:  480:    {
    #####:  481:      if (players[i] > players[j])
        -:  482:	{
    #####:  483:	  j = i;
        -:  484:	}
        -:  485:    }
    #####:  486:  highScore = players[j];
        -:  487:
        -:  488:  //add 1 to players who had less turns
    #####:  489:  currentPlayer = whoseTurn(state);
    #####:  490:  for (i = 0; i < MAX_PLAYERS; i++)
        -:  491:    {
    #####:  492:      if ( players[i] == highScore && i > currentPlayer )
        -:  493:	{
    #####:  494:	  players[i]++;
        -:  495:	}
        -:  496:    }
        -:  497:
        -:  498:  //find new highest score
    #####:  499:  j = 0;
    #####:  500:  for (i = 0; i < MAX_PLAYERS; i++)
        -:  501:    {
    #####:  502:      if ( players[i] > players[j] )
        -:  503:	{
    #####:  504:	  j = i;
        -:  505:	}
        -:  506:    }
    #####:  507:  highScore = players[j];
        -:  508:
        -:  509:  //set winners in array to 1 and rest to 0
    #####:  510:  for (i = 0; i < MAX_PLAYERS; i++)
        -:  511:    {
    #####:  512:      if ( players[i] == highScore )
        -:  513:	{
    #####:  514:	  players[i] = 1;
        -:  515:	}
        -:  516:      else
        -:  517:	{
    #####:  518:	  players[i] = 0;
        -:  519:	}
        -:  520:    }
        -:  521:
    #####:  522:  return 0;
        -:  523:}
        -:  524:
   392356:  525:int drawCard(int player, struct gameState *state)
        -:  526:{	int count;
        -:  527:  int deckCounter;
   392356:  528:  if (state->deckCount[player] <= 0){//Deck is empty
        -:  529:    
        -:  530:    //Step 1 Shuffle the discard pile back into a deck
        -:  531:    int i;
        -:  532:    //Move discard to deck
    76739:  533:    for (i = 0; i < state->discardCount[player];i++){
    #####:  534:      state->deck[player][i] = state->discard[player][i];
    #####:  535:      state->discard[player][i] = -1;
        -:  536:    }
        -:  537:
    76739:  538:    state->deckCount[player] = state->discardCount[player];
    76739:  539:    state->discardCount[player] = 0;//Reset discard
        -:  540:
        -:  541:    //Shufffle the deck
    76739:  542:    shuffle(player, state);//Shuffle the deck up and make it so that we can draw
        -:  543:   
        -:  544:    if (DEBUG){//Debug statements
        -:  545:      printf("Deck count now: %d\n", state->deckCount[player]);
        -:  546:    }
        -:  547:    
    76739:  548:    state->discardCount[player] = 0;
        -:  549:
        -:  550:    //Step 2 Draw Card
    76739:  551:    count = state->handCount[player];//Get current player's hand count
        -:  552:    
        -:  553:    if (DEBUG){//Debug statements
        -:  554:      printf("Current hand count: %d\n", count);
        -:  555:    }
        -:  556:    
    76739:  557:    deckCounter = state->deckCount[player];//Create a holder for the deck count
        -:  558:
    76739:  559:    if (deckCounter == 0)
    76739:  560:      return -1;
        -:  561:
    #####:  562:    state->hand[player][count] = state->deck[player][deckCounter - 1];//Add card to hand
    #####:  563:    state->deckCount[player]--;
    #####:  564:    state->handCount[player]++;//Increment hand count
        -:  565:  }
        -:  566:
        -:  567:  else{
   315617:  568:    int count = state->handCount[player];//Get current hand count for player
        -:  569:    int deckCounter;
        -:  570:    if (DEBUG){//Debug statements
        -:  571:      printf("Current hand count: %d\n", count);
        -:  572:    }
        -:  573:
   315617:  574:    deckCounter = state->deckCount[player];//Create holder for the deck count
   315617:  575:    state->hand[player][count] = state->deck[player][deckCounter - 1];//Add card to the hand
   315617:  576:    state->deckCount[player]--;
   315617:  577:    state->handCount[player]++;//Increment hand count
        -:  578:  }
        -:  579:
   315617:  580:  return 0;
        -:  581:}
        -:  582:
    #####:  583:int getCost(int cardNumber)
        -:  584:{
    #####:  585:  switch( cardNumber ) 
        -:  586:    {
        -:  587:    case curse:
    #####:  588:      return 0;
        -:  589:    case estate:
    #####:  590:      return 2;
        -:  591:    case duchy:
    #####:  592:      return 5;
        -:  593:    case province:
    #####:  594:      return 8;
        -:  595:    case copper:
    #####:  596:      return 0;
        -:  597:    case silver:
    #####:  598:      return 3;
        -:  599:    case gold:
    #####:  600:      return 6;
        -:  601:    case adventurer:
    #####:  602:      return 6;
        -:  603:    case council_room:
    #####:  604:      return 5;
        -:  605:    case feast:
    #####:  606:      return 4;
        -:  607:    case gardens:
    #####:  608:      return 4;
        -:  609:    case mine:
    #####:  610:      return 5;
        -:  611:    case remodel:
    #####:  612:      return 4;
        -:  613:    case smithy:
    #####:  614:      return 4;
        -:  615:    case village:
    #####:  616:      return 3;
        -:  617:    case baron:
    #####:  618:      return 4;
        -:  619:    case great_hall:
    #####:  620:      return 3;
        -:  621:    case minion:
    #####:  622:      return 5;
        -:  623:    case steward:
    #####:  624:      return 3;
        -:  625:    case tribute:
    #####:  626:      return 5;
        -:  627:    case ambassador:
    #####:  628:      return 3;
        -:  629:    case cutpurse:
    #####:  630:      return 4;
        -:  631:    case embargo: 
    #####:  632:      return 2;
        -:  633:    case outpost:
    #####:  634:      return 5;
        -:  635:    case salvager:
    #####:  636:      return 4;
        -:  637:    case sea_hag:
    #####:  638:      return 4;
        -:  639:    case treasure_map:
    #####:  640:      return 4;
        -:  641:    }
        -:  642:	
    #####:  643:  return -1;
        -:  644:}
        -:  645:
    14005:  646:void adventurerEffect(struct gameState *state, int currentPlayer, int drawntreasure, int *temphand, int z, int cardDrawn)
        -:  647:{
   170213:  648:	 while(drawntreasure<2){
   142203:  649:	if (state->deckCount[currentPlayer] <1){//if the deck is empty we need to shuffle discard and add to deck
    76739:  650:	  shuffle(currentPlayer, state);
        -:  651:	}
   142203:  652:	drawCard(currentPlayer, state);
   142203:  653:	cardDrawn = state->hand[currentPlayer][state->handCount[currentPlayer]-1];//top card of hand is most recently drawn card.
   142203:  654:	if (cardDrawn == copper || cardDrawn == silver || cardDrawn == gold)
    28010:  655:	  drawntreasure++;
        -:  656:	else{
   114193:  657:	  temphand[z]=cardDrawn;
   114193:  658:	  state->handCount[currentPlayer]--; //this should just remove the top card (the most recently drawn one).
   114193:  659:	  z++;
        -:  660:	}
        -:  661:      }
   142203:  662:      while(z-1>=0)//changed >= to <= which should cause a seg fault
        -:  663:	{
   114193:  664:	state->discard[currentPlayer][state->discardCount[currentPlayer]++]=temphand[z-1]; // discard all cards in play that have been drawn
   114193:  665:	z=z-1;
        -:  666:      }
        -:  667:
    14005:  668:}
        -:  669:
    12002:  670:void smithyEffect(int i, int currentPlayer, struct gameState *state, int handPos)
        -:  671:{
        -:  672: //+3 Cards
    60010:  673:      for (i = 0; i <= 3; i++) //changed < to <= to cause an extra card to be drawn
        -:  674:	{
    48008:  675:	  drawCard(currentPlayer, state);
        -:  676:	}
        -:  677:			
        -:  678:      //discard card from hand
    12002:  679:      discardCard(handPos, currentPlayer, state, 0);
        -:  680:
    12002:  681:}
        -:  682:
    12005:  683:void villageEffect( struct gameState *state, int currentPlayer, int handPos)
        -:  684:{
        -:  685: //+1 Card
    12005:  686:      drawCard(currentPlayer, state);
        -:  687:			
        -:  688:      //+2 Actions
    12005:  689:      state->numActions = state->numActions + 3; //changed 2 to 3 causing an extra action to be given
        -:  690:			
        -:  691:      //discard played card from hand
    12005:  692:      discardCard(handPos, currentPlayer, state, 0);
        -:  693:
    12005:  694:}
        -:  695:
        4:  696:void councilRoomEffect(struct gameState *state, int currentPlayer, int handPos, int i)
        -:  697:{
        -:  698://+4 Cards
       20:  699:      for (i = 0; i < 4; i++)
        -:  700:	{
       16:  701:	  drawCard(currentPlayer, state);
        -:  702:	}
        -:  703:			
        -:  704:      //+1 Buy
        4:  705:      state->numBuys++;
        -:  706:			
        -:  707:      //Each other player draws a card
       12:  708:      for (i = 0; i < state->numPlayers; i++)
        -:  709:	{
        8:  710:	  if ( i == currentPlayer ) //changed != to == to make it so that only the currentplayer draws a card instead of everyone but them
        -:  711:	    {
        4:  712:	      drawCard(i, state);
        -:  713:	    }
        -:  714:	}
        -:  715:			
        -:  716:      //put played card in played card pile
        4:  717:      discardCard(handPos, currentPlayer, state, 0);
        -:  718:		
        4:  719:}
        -:  720:
    #####:  721:void stewardEffect(int choice1, int choice2, int choice3, int currentPlayer, struct gameState *state, int handPos)
        -:  722:{
    #####:  723:if (choice1 == 1)
        -:  724:	{
        -:  725:	  //+2 cards
    #####:  726:	  drawCard(currentPlayer, state);
    #####:  727:	  drawCard(currentPlayer, state);
        -:  728:	}
    #####:  729:      else if (choice1 == 2)
        -:  730:	{
        -:  731:	  //+2 coins
    #####:  732:	  state->coins = state->coins + 2;
        -:  733:	}
        -:  734:      else
        -:  735:	{
        -:  736:	  //trash 2 cards in hand changed to send cards to discard instead of trash pile, 1->0
    #####:  737:	  discardCard(choice2, currentPlayer, state, 0);
    #####:  738:	  discardCard(choice3, currentPlayer, state, 0);
        -:  739:	}
        -:  740:			
        -:  741:      //discard card from hand
    #####:  742:      discardCard(handPos, currentPlayer, state, 0);
        -:  743:
    #####:  744:}
        -:  745:
    38016:  746:int cardEffect(int card, int choice1, int choice2, int choice3, struct gameState *state, int handPos, int *bonus)
        -:  747:{
        -:  748:  int i;
        -:  749:  int j;
        -:  750:  int k;
        -:  751:  int x;
        -:  752:  int index;
    38016:  753:  int currentPlayer = whoseTurn(state);
    38016:  754:  int nextPlayer = currentPlayer + 1;
        -:  755:
    38016:  756:  int tributeRevealedCards[2] = {-1, -1};
        -:  757:  int temphand[MAX_HAND];// moved above the if statement
    38016:  758:  int drawntreasure=0;
        -:  759:  int cardDrawn;
    38016:  760:  int z = 0;// this is the counter for the temp hand
    38016:  761:  if (nextPlayer > (state->numPlayers - 1)){
    18670:  762:    nextPlayer = 0;
        -:  763:  }
        -:  764:  	
        -:  765:  //uses switch to select card and perform actions
    38016:  766:  switch( card ) 
        -:  767:    {
        -:  768:    case adventurer:
    14005:  769:	adventurerEffect(state, currentPlayer, drawntreasure, temphand, z, cardDrawn);
    14005:  770:      return 0;
        -:  771:			
        -:  772:    case council_room:
        4:  773:      councilRoomEffect(state, currentPlayer, handPos, i);		
        4:  774:      return 0;
        -:  775:			
        -:  776:    case feast:
        -:  777:      //gain card with cost up to 5
        -:  778:      //Backup hand
    #####:  779:      for (i = 0; i <= state->handCount[currentPlayer]; i++){
    #####:  780:	temphand[i] = state->hand[currentPlayer][i];//Backup card
    #####:  781:	state->hand[currentPlayer][i] = -1;//Set to nothing
        -:  782:      }
        -:  783:      //Backup hand
        -:  784:
        -:  785:      //Update Coins for Buy
    #####:  786:      updateCoins(currentPlayer, state, 5);
    #####:  787:      x = 1;//Condition to loop on
    #####:  788:      while( x == 1) {//Buy one card
    #####:  789:	if (supplyCount(choice1, state) <= 0){
        -:  790:	  if (DEBUG)
        -:  791:	    printf("None of that card left, sorry!\n");
        -:  792:
        -:  793:	  if (DEBUG){
        -:  794:	    printf("Cards Left: %d\n", supplyCount(choice1, state));
        -:  795:	  }
        -:  796:	}
    #####:  797:	else if (state->coins < getCost(choice1)){
    #####:  798:	  printf("That card is too expensive!\n");
        -:  799:
        -:  800:	  if (DEBUG){
        -:  801:	    printf("Coins: %d < %d\n", state->coins, getCost(choice1));
        -:  802:	  }
        -:  803:	}
        -:  804:	else{
        -:  805:
        -:  806:	  if (DEBUG){
        -:  807:	    printf("Deck Count: %d\n", state->handCount[currentPlayer] + state->deckCount[currentPlayer] + state->discardCount[currentPlayer]);
        -:  808:	  }
        -:  809:
    #####:  810:	  gainCard(choice1, state, 0, currentPlayer);//Gain the card
    #####:  811:	  x = 0;//No more buying cards
        -:  812:
        -:  813:	  if (DEBUG){
        -:  814:	    printf("Deck Count: %d\n", state->handCount[currentPlayer] + state->deckCount[currentPlayer] + state->discardCount[currentPlayer]);
        -:  815:	  }
        -:  816:
        -:  817:	}
        -:  818:      }     
        -:  819:
        -:  820:      //Reset Hand
    #####:  821:      for (i = 0; i <= state->handCount[currentPlayer]; i++){
    #####:  822:	state->hand[currentPlayer][i] = temphand[i];
    #####:  823:	temphand[i] = -1;
        -:  824:      }
        -:  825:      //Reset Hand
        -:  826:      			
    #####:  827:      return 0;
        -:  828:			
        -:  829:    case gardens:
    #####:  830:      return -1;
        -:  831:			
        -:  832:    case mine:
    #####:  833:      j = state->hand[currentPlayer][choice1];  //store card we will trash
        -:  834:
    #####:  835:      if (state->hand[currentPlayer][choice1] < copper || state->hand[currentPlayer][choice1] > gold)
        -:  836:	{
    #####:  837:	  return -1;
        -:  838:	}
        -:  839:		
    #####:  840:      if (choice2 > treasure_map || choice2 < curse)
        -:  841:	{
    #####:  842:	  return -1;
        -:  843:	}
        -:  844:
    #####:  845:      if ( (getCost(state->hand[currentPlayer][choice1]) + 3) > getCost(choice2) )
        -:  846:	{
    #####:  847:	  return -1;
        -:  848:	}
        -:  849:
    #####:  850:      gainCard(choice2, state, 2, currentPlayer);
        -:  851:
        -:  852:      //discard card from hand
    #####:  853:      discardCard(handPos, currentPlayer, state, 0);
        -:  854:
        -:  855:      //discard trashed card
    #####:  856:      for (i = 0; i < state->handCount[currentPlayer]; i++)
        -:  857:	{
    #####:  858:	  if (state->hand[currentPlayer][i] == j)
        -:  859:	    {
    #####:  860:	      discardCard(i, currentPlayer, state, 0);			
    #####:  861:	      break;
        -:  862:	    }
        -:  863:	}
        -:  864:			
    #####:  865:      return 0;
        -:  866:			
        -:  867:    case remodel:
    #####:  868:      j = state->hand[currentPlayer][choice1];  //store card we will trash
        -:  869:
    #####:  870:      if ( (getCost(state->hand[currentPlayer][choice1]) + 2) > getCost(choice2) )
        -:  871:	{
    #####:  872:	  return -1;
        -:  873:	}
        -:  874:
    #####:  875:      gainCard(choice2, state, 0, currentPlayer);
        -:  876:
        -:  877:      //discard card from hand
    #####:  878:      discardCard(handPos, currentPlayer, state, 0);
        -:  879:
        -:  880:      //discard trashed card
    #####:  881:      for (i = 0; i < state->handCount[currentPlayer]; i++)
        -:  882:	{
    #####:  883:	  if (state->hand[currentPlayer][i] == j)
        -:  884:	    {
    #####:  885:	      discardCard(i, currentPlayer, state, 0);			
    #####:  886:	      break;
        -:  887:	    }
        -:  888:	}
        -:  889:
        -:  890:
    #####:  891:      return 0;
        -:  892:		
        -:  893:    case smithy:
    12002:  894:	smithyEffect(i, currentPlayer, state, handPos);      
    12002:  895:      return 0;
        -:  896:		
        -:  897:    case village:
    12005:  898:	villageEffect(state, currentPlayer, handPos);      
    12005:  899:      return 0;
        -:  900:		
        -:  901:    case baron:
    #####:  902:      state->numBuys++;//Increase buys by 1!
    #####:  903:      if (choice1 > 0){//Boolean true or going to discard an estate
    #####:  904:	int p = 0;//Iterator for hand!
    #####:  905:	int card_not_discarded = 1;//Flag for discard set!
    #####:  906:	while(card_not_discarded){
    #####:  907:	  if (state->hand[currentPlayer][p] == estate){//Found an estate card!
    #####:  908:	    state->coins += 4;//Add 4 coins to the amount of coins
    #####:  909:	    state->discard[currentPlayer][state->discardCount[currentPlayer]] = state->hand[currentPlayer][p];
    #####:  910:	    state->discardCount[currentPlayer]++;
    #####:  911:	    for (;p < state->handCount[currentPlayer]; p++){
    #####:  912:	      state->hand[currentPlayer][p] = state->hand[currentPlayer][p+1];
        -:  913:	    }
    #####:  914:	    state->hand[currentPlayer][state->handCount[currentPlayer]] = -1;
    #####:  915:	    state->handCount[currentPlayer]--;
    #####:  916:	    card_not_discarded = 0;//Exit the loop
        -:  917:	  }
    #####:  918:	  else if (p > state->handCount[currentPlayer]){
        -:  919:	    if(DEBUG) {
        -:  920:	      printf("No estate cards in your hand, invalid choice\n");
        -:  921:	      printf("Must gain an estate if there are any\n");
        -:  922:	    }
    #####:  923:	    if (supplyCount(estate, state) > 0){
    #####:  924:	      gainCard(estate, state, 0, currentPlayer);
    #####:  925:	      state->supplyCount[estate]--;//Decrement estates
    #####:  926:	      if (supplyCount(estate, state) == 0){
    #####:  927:		isGameOver(state);
        -:  928:	      }
        -:  929:	    }
    #####:  930:	    card_not_discarded = 0;//Exit the loop
        -:  931:	  }
        -:  932:			    
        -:  933:	  else{
    #####:  934:	    p++;//Next card
        -:  935:	  }
        -:  936:	}
        -:  937:      }
        -:  938:			    
        -:  939:      else{
    #####:  940:	if (supplyCount(estate, state) > 0){
    #####:  941:	  gainCard(estate, state, 0, currentPlayer);//Gain an estate
    #####:  942:	  state->supplyCount[estate]--;//Decrement Estates
    #####:  943:	  if (supplyCount(estate, state) == 0){
    #####:  944:	    isGameOver(state);
        -:  945:	  }
        -:  946:	}
        -:  947:      }
        -:  948:	    
        -:  949:      
    #####:  950:      return 0;
        -:  951:		
        -:  952:    case great_hall:
        -:  953:      //+1 Card
    #####:  954:      drawCard(currentPlayer, state);
        -:  955:			
        -:  956:      //+1 Actions
    #####:  957:      state->numActions++;
        -:  958:			
        -:  959:      //discard card from hand
    #####:  960:      discardCard(handPos, currentPlayer, state, 0);
    #####:  961:      return 0;
        -:  962:		
        -:  963:    case minion:
        -:  964:      //+1 action
    #####:  965:      state->numActions++;
        -:  966:			
        -:  967:      //discard card from hand
    #####:  968:      discardCard(handPos, currentPlayer, state, 0);
        -:  969:			
    #####:  970:      if (choice1)		//+2 coins
        -:  971:	{
    #####:  972:	  state->coins = state->coins + 2;
        -:  973:	}
        -:  974:			
    #####:  975:      else if (choice2)		//discard hand, redraw 4, other players with 5+ cards discard hand and draw 4
        -:  976:	{
        -:  977:	  //discard hand
    #####:  978:	  while(numHandCards(state) > 0)
        -:  979:	    {
    #####:  980:	      discardCard(handPos, currentPlayer, state, 0);
        -:  981:	    }
        -:  982:				
        -:  983:	  //draw 4
    #####:  984:	  for (i = 0; i < 4; i++)
        -:  985:	    {
    #####:  986:	      drawCard(currentPlayer, state);
        -:  987:	    }
        -:  988:				
        -:  989:	  //other players discard hand and redraw if hand size > 4
    #####:  990:	  for (i = 0; i < state->numPlayers; i++)
        -:  991:	    {
    #####:  992:	      if (i != currentPlayer)
        -:  993:		{
    #####:  994:		  if ( state->handCount[i] > 4 )
        -:  995:		    {
        -:  996:		      //discard hand
    #####:  997:		      while( state->handCount[i] > 0 )
        -:  998:			{
    #####:  999:			  discardCard(handPos, i, state, 0);
        -: 1000:			}
        -: 1001:							
        -: 1002:		      //draw 4
    #####: 1003:		      for (j = 0; j < 4; j++)
        -: 1004:			{
    #####: 1005:			  drawCard(i, state);
        -: 1006:			}
        -: 1007:		    }
        -: 1008:		}
        -: 1009:	    }
        -: 1010:				
        -: 1011:	}
    #####: 1012:      return 0;
        -: 1013:		
        -: 1014:    case steward:
    #####: 1015:	stewardEffect(choice1, choice2, choice3, currentPlayer, state, handPos);      
    #####: 1016:      return 0;
        -: 1017:		
        -: 1018:    case tribute:
    #####: 1019:      if ((state->discardCount[nextPlayer] + state->deckCount[nextPlayer]) <= 1){
    #####: 1020:	if (state->deckCount[nextPlayer] > 0){
    #####: 1021:	  tributeRevealedCards[0] = state->deck[nextPlayer][state->deckCount[nextPlayer]-1];
    #####: 1022:	  state->deckCount[nextPlayer]--;
        -: 1023:	}
    #####: 1024:	else if (state->discardCount[nextPlayer] > 0){
    #####: 1025:	  tributeRevealedCards[0] = state->discard[nextPlayer][state->discardCount[nextPlayer]-1];
    #####: 1026:	  state->discardCount[nextPlayer]--;
        -: 1027:	}
        -: 1028:	else{
        -: 1029:	  //No Card to Reveal
        -: 1030:	  if (DEBUG){
        -: 1031:	    printf("No cards to reveal\n");
        -: 1032:	  }
        -: 1033:	}
        -: 1034:      }
        -: 1035:	    
        -: 1036:      else{
    #####: 1037:	if (state->deckCount[nextPlayer] == 0){
    #####: 1038:	  for (i = 0; i < state->discardCount[nextPlayer]; i++){
    #####: 1039:	    state->deck[nextPlayer][i] = state->discard[nextPlayer][i];//Move to deck
    #####: 1040:	    state->deckCount[nextPlayer]++;
    #####: 1041:	    state->discard[nextPlayer][i] = -1;
    #####: 1042:	    state->discardCount[nextPlayer]--;
        -: 1043:	  }
        -: 1044:			    
    #####: 1045:	  shuffle(nextPlayer,state);//Shuffle the deck
        -: 1046:	} 
    #####: 1047:	tributeRevealedCards[0] = state->deck[nextPlayer][state->deckCount[nextPlayer]-1];
    #####: 1048:	state->deck[nextPlayer][state->deckCount[nextPlayer]--] = -1;
    #####: 1049:	state->deckCount[nextPlayer]--;
    #####: 1050:	tributeRevealedCards[1] = state->deck[nextPlayer][state->deckCount[nextPlayer]-1];
    #####: 1051:	state->deck[nextPlayer][state->deckCount[nextPlayer]--] = -1;
    #####: 1052:	state->deckCount[nextPlayer]--;
        -: 1053:      }    
        -: 1054:		       
    #####: 1055:      if (tributeRevealedCards[0] == tributeRevealedCards[1]){//If we have a duplicate card, just drop one 
    #####: 1056:	state->playedCards[state->playedCardCount] = tributeRevealedCards[1];
    #####: 1057:	state->playedCardCount++;
    #####: 1058:	tributeRevealedCards[1] = -1;
        -: 1059:      }
        -: 1060:
    #####: 1061:      for (i = 0; i <= 2; i ++){
    #####: 1062:	if (tributeRevealedCards[i] == copper || tributeRevealedCards[i] == silver || tributeRevealedCards[i] == gold){//Treasure cards
    #####: 1063:	  state->coins += 2;
        -: 1064:	}
        -: 1065:		    
    #####: 1066:	else if (tributeRevealedCards[i] == estate || tributeRevealedCards[i] == duchy || tributeRevealedCards[i] == province || tributeRevealedCards[i] == gardens || tributeRevealedCards[i] == great_hall){//Victory Card Found
    #####: 1067:	  drawCard(currentPlayer, state);
    #####: 1068:	  drawCard(currentPlayer, state);
        -: 1069:	}
        -: 1070:	else{//Action Card
    #####: 1071:	  state->numActions = state->numActions + 2;
        -: 1072:	}
        -: 1073:      }
        -: 1074:	    
    #####: 1075:      return 0;
        -: 1076:		
        -: 1077:    case ambassador:
    #####: 1078:      j = 0;		//used to check if player has enough cards to discard
        -: 1079:
    #####: 1080:      if (choice2 > 2 || choice2 < 0)
        -: 1081:	{
    #####: 1082:	  return -1;				
        -: 1083:	}
        -: 1084:
    #####: 1085:      if (choice1 == handPos)
        -: 1086:	{
    #####: 1087:	  return -1;
        -: 1088:	}
        -: 1089:
    #####: 1090:      for (i = 0; i < state->handCount[currentPlayer]; i++)
        -: 1091:	{
    #####: 1092:	  if (i != handPos && i == state->hand[currentPlayer][choice1] && i != choice1)
        -: 1093:	    {
    #####: 1094:	      j++;
        -: 1095:	    }
        -: 1096:	}
    #####: 1097:      if (j < choice2)
        -: 1098:	{
    #####: 1099:	  return -1;				
        -: 1100:	}
        -: 1101:
        -: 1102:      if (DEBUG) 
        -: 1103:	printf("Player %d reveals card number: %d\n", currentPlayer, state->hand[currentPlayer][choice1]);
        -: 1104:
        -: 1105:      //increase supply count for choosen card by amount being discarded
    #####: 1106:      state->supplyCount[state->hand[currentPlayer][choice1]] += choice2;
        -: 1107:			
        -: 1108:      //each other player gains a copy of revealed card
    #####: 1109:      for (i = 0; i < state->numPlayers; i++)
        -: 1110:	{
    #####: 1111:	  if (i != currentPlayer)
        -: 1112:	    {
    #####: 1113:	      gainCard(state->hand[currentPlayer][choice1], state, 0, i);
        -: 1114:	    }
        -: 1115:	}
        -: 1116:
        -: 1117:      //discard played card from hand
    #####: 1118:      discardCard(handPos, currentPlayer, state, 0);			
        -: 1119:
        -: 1120:      //trash copies of cards returned to supply
    #####: 1121:      for (j = 0; j < choice2; j++)
        -: 1122:	{
    #####: 1123:	  for (i = 0; i < state->handCount[currentPlayer]; i++)
        -: 1124:	    {
    #####: 1125:	      if (state->hand[currentPlayer][i] == state->hand[currentPlayer][choice1])
        -: 1126:		{
    #####: 1127:		  discardCard(i, currentPlayer, state, 1);
    #####: 1128:		  break;
        -: 1129:		}
        -: 1130:	    }
        -: 1131:	}			
        -: 1132:
    #####: 1133:      return 0;
        -: 1134:		
        -: 1135:    case cutpurse:
        -: 1136:
    #####: 1137:      updateCoins(currentPlayer, state, 2);
    #####: 1138:      for (i = 0; i < state->numPlayers; i++)
        -: 1139:	{
    #####: 1140:	  if (i != currentPlayer)
        -: 1141:	    {
    #####: 1142:	      for (j = 0; j < state->handCount[i]; j++)
        -: 1143:		{
    #####: 1144:		  if (state->hand[i][j] == copper)
        -: 1145:		    {
    #####: 1146:		      discardCard(j, i, state, 0);
    #####: 1147:		      break;
        -: 1148:		    }
    #####: 1149:		  if (j == state->handCount[i])
        -: 1150:		    {
    #####: 1151:		      for (k = 0; k < state->handCount[i]; k++)
        -: 1152:			{
        -: 1153:			  if (DEBUG)
        -: 1154:			    printf("Player %d reveals card number %d\n", i, state->hand[i][k]);
        -: 1155:			}	
    #####: 1156:		      break;
        -: 1157:		    }		
        -: 1158:		}
        -: 1159:					
        -: 1160:	    }
        -: 1161:				
        -: 1162:	}				
        -: 1163:
        -: 1164:      //discard played card from hand
    #####: 1165:      discardCard(handPos, currentPlayer, state, 0);			
        -: 1166:
    #####: 1167:      return 0;
        -: 1168:
        -: 1169:		
        -: 1170:    case embargo: 
        -: 1171:      //+2 Coins
    #####: 1172:      state->coins = state->coins + 2;
        -: 1173:			
        -: 1174:      //see if selected pile is in play
    #####: 1175:      if ( state->supplyCount[choice1] == -1 )
        -: 1176:	{
    #####: 1177:	  return -1;
        -: 1178:	}
        -: 1179:			
        -: 1180:      //add embargo token to selected supply pile
    #####: 1181:      state->embargoTokens[choice1]++;
        -: 1182:			
        -: 1183:      //trash card
    #####: 1184:      discardCard(handPos, currentPlayer, state, 1);		
    #####: 1185:      return 0;
        -: 1186:		
        -: 1187:    case outpost:
        -: 1188:      //set outpost flag
    #####: 1189:      state->outpostPlayed++;
        -: 1190:			
        -: 1191:      //discard card
    #####: 1192:      discardCard(handPos, currentPlayer, state, 0);
    #####: 1193:      return 0;
        -: 1194:		
        -: 1195:    case salvager:
        -: 1196:      //+1 buy
    #####: 1197:      state->numBuys++;
        -: 1198:			
    #####: 1199:      if (choice1)
        -: 1200:	{
        -: 1201:	  //gain coins equal to trashed card
    #####: 1202:	  state->coins = state->coins + getCost( handCard(choice1, state) );
        -: 1203:	  //trash card
    #####: 1204:	  discardCard(choice1, currentPlayer, state, 1);	
        -: 1205:	}
        -: 1206:			
        -: 1207:      //discard card
    #####: 1208:      discardCard(handPos, currentPlayer, state, 0);
    #####: 1209:      return 0;
        -: 1210:		
        -: 1211:    case sea_hag:
    #####: 1212:      for (i = 0; i < state->numPlayers; i++){
    #####: 1213:	if (i != currentPlayer){
    #####: 1214:	  state->discard[i][state->discardCount[i]] = state->deck[i][state->deckCount[i]--];			    state->deckCount[i]--;
    #####: 1215:	  state->discardCount[i]++;
    #####: 1216:	  state->deck[i][state->deckCount[i]--] = curse;//Top card now a curse
        -: 1217:	}
        -: 1218:      }
    #####: 1219:      return 0;
        -: 1220:		
        -: 1221:    case treasure_map:
        -: 1222:      //search hand for another treasure_map
    #####: 1223:      index = -1;
    #####: 1224:      for (i = 0; i < state->handCount[currentPlayer]; i++)
        -: 1225:	{
    #####: 1226:	  if (state->hand[currentPlayer][i] == treasure_map && i != handPos)
        -: 1227:	    {
    #####: 1228:	      index = i;
    #####: 1229:	      break;
        -: 1230:	    }
        -: 1231:	}
    #####: 1232:      if (index > -1)
        -: 1233:	{
        -: 1234:	  //trash both treasure cards
    #####: 1235:	  discardCard(handPos, currentPlayer, state, 1);
    #####: 1236:	  discardCard(index, currentPlayer, state, 1);
        -: 1237:
        -: 1238:	  //gain 4 Gold cards
    #####: 1239:	  for (i = 0; i < 4; i++)
        -: 1240:	    {
    #####: 1241:	      gainCard(gold, state, 1, currentPlayer);
        -: 1242:	    }
        -: 1243:				
        -: 1244:	  //return success
    #####: 1245:	  return 1;
        -: 1246:	}
        -: 1247:			
        -: 1248:      //no second treasure_map found in hand
    #####: 1249:      return -1;
        -: 1250:    }
        -: 1251:	
    #####: 1252:  return -1;
        -: 1253:}
        -: 1254:
    24011: 1255:int discardCard(int handPos, int currentPlayer, struct gameState *state, int trashFlag)
        -: 1256:{
        -: 1257:	
        -: 1258:  //if card is not trashed, added to Played pile 
    24011: 1259:  if (trashFlag < 1)
        -: 1260:    {
        -: 1261:      //add card to played pile
    24011: 1262:      state->playedCards[state->playedCardCount] = state->hand[currentPlayer][handPos]; 
    24011: 1263:      state->playedCardCount++;
        -: 1264:    }
        -: 1265:	
        -: 1266:  //set played card to -1
    24011: 1267:  state->hand[currentPlayer][handPos] = -1;
        -: 1268:	
        -: 1269:  //remove card from player's hand
    24011: 1270:  if ( handPos == (state->handCount[currentPlayer] - 1) ) 	//last card in hand array is played
        -: 1271:    {
        -: 1272:      //reduce number of cards in hand
     3094: 1273:      state->handCount[currentPlayer]--;
        -: 1274:    }
    20917: 1275:  else if ( state->handCount[currentPlayer] == 1 ) //only one card in hand
        -: 1276:    {
        -: 1277:      //reduce number of cards in hand
     3480: 1278:      state->handCount[currentPlayer]--;
        -: 1279:    }
        -: 1280:  else 	
        -: 1281:    {
        -: 1282:      //replace discarded card with last card in hand
    17437: 1283:      state->hand[currentPlayer][handPos] = state->hand[currentPlayer][ (state->handCount[currentPlayer] - 1)];
        -: 1284:      //set last card to -1
    17437: 1285:      state->hand[currentPlayer][state->handCount[currentPlayer] - 1] = -1;
        -: 1286:      //reduce number of cards in hand
    17437: 1287:      state->handCount[currentPlayer]--;
        -: 1288:    }
        -: 1289:	
    24011: 1290:  return 0;
        -: 1291:}
        -: 1292:
    #####: 1293:int gainCard(int supplyPos, struct gameState *state, int toFlag, int player)
        -: 1294:{
        -: 1295:  //Note: supplyPos is enum of choosen card
        -: 1296:	
        -: 1297:  //check if supply pile is empty (0) or card is not used in game (-1)
    #####: 1298:  if ( supplyCount(supplyPos, state) < 1 )
        -: 1299:    {
    #####: 1300:      return -1;
        -: 1301:    }
        -: 1302:	
        -: 1303:  //added card for [whoseTurn] current player:
        -: 1304:  // toFlag = 0 : add to discard
        -: 1305:  // toFlag = 1 : add to deck
        -: 1306:  // toFlag = 2 : add to hand
        -: 1307:
    #####: 1308:  if (toFlag == 1)
        -: 1309:    {
    #####: 1310:      state->deck[ player ][ state->deckCount[player] ] = supplyPos;
    #####: 1311:      state->deckCount[player]++;
        -: 1312:    }
    #####: 1313:  else if (toFlag == 2)
        -: 1314:    {
    #####: 1315:      state->hand[ player ][ state->handCount[player] ] = supplyPos;
    #####: 1316:      state->handCount[player]++;
        -: 1317:    }
        -: 1318:  else
        -: 1319:    {
    #####: 1320:      state->discard[player][ state->discardCount[player] ] = supplyPos;
    #####: 1321:      state->discardCount[player]++;
        -: 1322:    }
        -: 1323:	
        -: 1324:  //decrease number in supply pile
    #####: 1325:  state->supplyCount[supplyPos]--;
        -: 1326:	 
    #####: 1327:  return 0;
        -: 1328:}
        -: 1329:
    38032: 1330:int updateCoins(int player, struct gameState *state, int bonus)
        -: 1331:{
        -: 1332:  int i;
        -: 1333:	
        -: 1334:  //reset coin count
    38032: 1335:  state->coins = 0;
        -: 1336:
        -: 1337:  //add coins for each Treasure card in player's hand
   228192: 1338:  for (i = 0; i < state->handCount[player]; i++)
        -: 1339:    {
   190160: 1340:      if (state->hand[player][i] == copper)
        -: 1341:	{
   148014: 1342:	  state->coins += 1;
        -: 1343:	}
    42146: 1344:      else if (state->hand[player][i] == silver)
        -: 1345:	{
        4: 1346:	  state->coins += 2;
        -: 1347:	}
    42142: 1348:      else if (state->hand[player][i] == gold)
        -: 1349:	{
        2: 1350:	  state->coins += 3;
        -: 1351:	}	
        -: 1352:    }	
        -: 1353:
        -: 1354:  //add bonus
    38032: 1355:  state->coins += bonus;
        -: 1356:
    38032: 1357:  return 0;
        -: 1358:}
        -: 1359:
        -: 1360:
        -: 1361://end of dominion.c
        -: 1362:
