        -:    0:Source:randomtestadventurer.c
        -:    0:Programs:40
        -:    1:/* -----------------------------------------------------------------------
        -:    2: * Demonstration of how to write unit tests for dominion-base
        -:    3: * Include the following lines in your makefile:
        -:    4: *
        -:    5: * testUpdateCoins: testUpdateCoins.c dominion.o rngs.o
        -:    6: *      gcc -o testUpdateCoins -g  testUpdateCoins.c dominion.o rngs.o $(CFLAGS)
        -:    7: * -----------------------------------------------------------------------
        -:    8:  This file is based off of the update coins file given in the course materials
        -:    9: */
        -:   10:
        -:   11:  /*Test the function ______________*/
        -:   12: 
        -:   13:#include "dominion.h"
        -:   14:#include "dominion_helpers.h"
        -:   15:#include <string.h>
        -:   16:#include <stdio.h>
        -:   17:#include <assert.h>
        -:   18:#include <stdlib.h>
        -:   19:#include <time.h>
        -:   20:#include "rngs.h"
        -:   21:
        -:   22:// set NOISY_TEST to 0 to remove printfs from output
        -:   23:#define NOISY_TEST 1
        -:   24:
        -:   25:// set TEST_FUNCTION to whatever thing is being tested
        -:   26:#define TEST_FUNCTION "Adventurer"
        -:   27:
        -:   28:// Self created assert function for testing functions
     6000:   29:void assertTrue(int b)
        -:   30:{
     6000:   31:	if(b == 0)
        -:   32:	{
     2250:   33:		printf("Test Failed\n");
        -:   34:	}
        -:   35:	else
        -:   36:	{
     3750:   37:		printf("Test Successful\n");
        -:   38:	}
     6000:   39:}
        -:   40:
        1:   41:int main() {
        -:   42:	//Initialize game parameters
        -:   43:	int b;
        1:   44:    int seed = 1000;
        1:   45:    int numPlayer = 2;
        1:   46:    int maxBonus = 10;
        -:   47:    int p, r, handCount;
        1:   48:	int handpos = 0;
        1:   49:	int choice1 = 0;
        1:   50:	int choice2 = 0;
        1:   51:	int choice3 = 0;
        1:   52:	int bonus = 0;
        1:   53:	int player = 0;
        1:   54:    int k[10] = {adventurer, council_room, feast, gardens, mine
        -:   55:               , remodel, smithy, village, baron, great_hall};
        -:   56:    struct gameState G, testG;
        1:   57:    int maxHandCount = 5;
        1:   58:    int deckCount = 0;
        1:   59:    int discardCount = 0;
        -:   60:// randomly generate the game state values 
        -:   61:	
        1:   62:	srand(time(NULL));
        -:   63:	
        -:   64:	// Begin the testing
        1:   65:    printf ("----------------------------TESTING %s---------------------------------------\n", TEST_FUNCTION);
        -:   66:  
        1:   67:int test = 0;
     2001:   68:for(test=0; test < 2000; test++)
        -:   69:{
        -:   70:	//Start randomly generating inputs
     2000:   71:	seed = rand()%3000;
     2000:   72:	handCount = rand()%5;
     2000:   73:	choice1 = rand()%2;
     2000:   74:	choice2 = rand()%2;
     2000:   75:	choice3 = rand()%2;
     2000:   76:	player = rand()%2;
        -:   77:	//handpos = rand()%(handCount+1);
        -:   78:	//bonus = rand()%(maxBonus+1);
     2000:   79:	deckCount = rand()%21;
     2000:   80:	discardCount = rand()%10;
        -:   81:
     2000:   82:	memset(&G, 23, sizeof(struct gameState));   // clear the game state
     2000:   83:   	r = initializeGame(numPlayer, k, seed, &G); // initialize a new game
     2000:   84:	G.whoseTurn = rand()%2;
        -:   85:	
        -:   86:	//Randomize the hands of the player and set the handpos of the card to be played equal to the test card
     2000:   87:	int h = 0;
     6000:   88:	for(h = 0; h < handCount; h++)
        -:   89:	{
     4000:   90:		G.hand[0][h] = rand()%28;
        -:   91:	}
     2000:   92:	G.hand[0][handpos] = adventurer;
        -:   93:
     6000:   94:	for(h = 0; h < handCount; h++)
        -:   95:	{
     4000:   96:		G.hand[1][h] = rand()%28;
        -:   97:	}
     2000:   98:	G.hand[1][handpos] = adventurer;
        -:   99:
        -:  100:	//Randomize the decks if there is no treasure than there is a seq fault
    21773:  101:	for(h = 0; h < deckCount; h++)
        -:  102:	{
    19773:  103:		G.deck[0][h] = rand()%28;
        -:  104:	}
     2000:  105: 	r = rand()%(deckCount+1);
     2000:  106:	G.deck[0][r] = copper;
     2000:  107:	p = rand()%(deckCount+1);
     2000:  108:	if(p == r)
        -:  109:	{
      371:  110:		if(p != 0)
        -:  111:		{
      205:  112:			p=0;
        -:  113:		}
        -:  114:		else
        -:  115:		{
      166:  116:			p=1;
        -:  117:		}
        -:  118:	}
     2000:  119:	G.deck[0][p] = copper;
        -:  120:
    21773:  121:	for(h = 0; h < deckCount; h++)
        -:  122:	{
    19773:  123:		G.deck[1][h] = rand()%28;
        -:  124:	}
     2000:  125:	r = rand()%(deckCount+1);
     2000:  126:	G.deck[1][r] = copper;
     2000:  127:	p = rand()%(deckCount+1);
     2000:  128:	if(p == r)
        -:  129:	{
      396:  130:		if(p != 0)
        -:  131:		{
      229:  132:			p=0;
        -:  133:		}
        -:  134:		else
        -:  135:		{
      167:  136:			p=1;
        -:  137:		}
        -:  138:	}
     2000:  139:	G.deck[1][p] = copper;
        -:  140:
        -:  141:	//Randomize the discard piles
    10810:  142:	for(h = 0; h < discardCount; h++)
        -:  143:	{
     8810:  144:		G.discard[0][h] = rand()%28;
        -:  145:	}
        -:  146:	
    10810:  147:	for(h = 0; h < discardCount; h++)
        -:  148:	{
     8810:  149:		G.discard[0][h] = rand()%28;
        -:  150:	}
        -:  151:
     2000:  152:    	printf ("-------------Seed %d---------------\n", seed);
        -:  153:
     2000:  154:	printf("%d, %d, %d, %d \n", handCount, deckCount, discardCount,test);
        -:  155:// TEST 1
     2000:  156:	printf("Adventurer card played\n"); //Test being run
     2000:  157:	memcpy(&testG, &G, sizeof(struct gameState)); //save game state to compare
     2000:  158:	cardEffect(adventurer,choice1,choice2,choice3,&testG,handpos,&bonus);
        -:  159:	
     2000:  160:	printf("Took 2 cards?\n");
     2000:  161:	assertTrue(testG.handCount[player] == (G.handCount[player]+2));
        -:  162:	
        -:  163:	
     2000:  164:	printf("Supply unchanged?\n");
     2000:  165:	int j = 0;
     2000:  166:	int i =0;
    52000:  167:	for (i = 0; i < 25; i++)
        -:  168:	  {
    50000:  169:		if (testG.supplyCount[i] != G.supplyCount[i])
        -:  170:		  {
    #####:  171:			j++;
        -:  172:		  }
        -:  173:	  }
     2000:  174:	assertTrue( j == 0);
        -:  175:
     2000:  176:	printf("Other player hand unchanged?\n");
     2000:  177:	assertTrue(testG.handCount[1] == G.handCount[1]);
        -:  178:}	
        -:  179:	//End the testing
        1:  180:    printf("----------------------------End Testing for %s--------------------------------\n",TEST_FUNCTION);
        -:  181:
        1:  182:    return 0;
        -:  183:}
